#
# There is insufficient memory for the Java Runtime Environment to continue.
# Native memory allocation (malloc) failed to allocate 1431830528 bytes for committing reserved memory.
# Possible reasons:
#   The system is out of physical RAM or swap space
#   In 32 bit mode, the process size limit was hit
# Possible solutions:
#   Reduce memory load on the system
#   Increase physical memory or swap space
#   Check if swap backing store is full
#   Use 64 bit Java on a 64 bit OS
#   Decrease Java heap size (-Xmx/-Xms)
#   Decrease number of Java threads
#   Decrease Java thread stack sizes (-Xss)
#   Set larger code cache with -XX:ReservedCodeCacheSize=
# This output file may be truncated or incomplete.
#
#  Out of Memory Error (os_linux.cpp:2756), pid=29687, tid=140000946689792
#
# JRE version:  (7.0_72-b14) (build )
# Java VM: Java HotSpot(TM) 64-Bit Server VM (24.72-b04 mixed mode linux-amd64 compressed oops)
# Failed to write core dump. Core dumps have been disabled. To enable core dumping, try "ulimit -c unlimited" before starting Java again
#

---------------  T H R E A D  ---------------

Current thread (0x00007f547c00b800):  JavaThread "Unknown thread" [_thread_in_vm, id=29691, stack(0x00007f5482a21000,0x00007f5482b22000)]

Stack: [0x00007f5482a21000,0x00007f5482b22000],  sp=0x00007f5482b20270,  free space=1020k
Native frames: (J=compiled Java code, j=interpreted, Vv=VM code, C=native code)
V  [libjvm.so+0x9a10fa]  VMError::report_and_die()+0x2ea
V  [libjvm.so+0x49755b]  report_vm_out_of_memory(char const*, int, unsigned long, char const*)+0x9b
V  [libjvm.so+0x81ec4e]  os::Linux::commit_memory_impl(char*, unsigned long, bool)+0xfe
V  [libjvm.so+0x81f199]  os::pd_commit_memory(char*, unsigned long, unsigned long, bool)+0x29
V  [libjvm.so+0x818f2a]  os::commit_memory(char*, unsigned long, unsigned long, bool)+0x2a
V  [libjvm.so+0x88ba53]  PSVirtualSpace::expand_by(unsigned long)+0x53
V  [libjvm.so+0x87a6e3]  PSOldGen::initialize(ReservedSpace, unsigned long, char const*, int)+0x103
V  [libjvm.so+0x29a593]  AdjoiningGenerations::AdjoiningGenerations(ReservedSpace, unsigned long, unsigned long, unsigned long, unsigned long, unsigned long, unsigned long, unsigned long)+0x3e3
V  [libjvm.so+0x83fa95]  ParallelScavengeHeap::initialize()+0x4d5
V  [libjvm.so+0x9730ba]  Universe::initialize_heap()+0xca
V  [libjvm.so+0x974289]  universe_init()+0x79
V  [libjvm.so+0x5b0f85]  init_globals()+0x65
V  [libjvm.so+0x95bbdd]  Threads::create_vm(JavaVMInitArgs*, bool*)+0x1ed
V  [libjvm.so+0x639234]  JNI_CreateJavaVM+0x74
C  [libjli.so+0x2f8e]  JavaMain+0x9e


---------------  P R O C E S S  ---------------

Java Threads: ( => current thread )

Other Threads:

=>0x00007f547c00b800 (exited) JavaThread "Unknown thread" [_thread_in_vm, id=29691, stack(0x00007f5482a21000,0x00007f5482b22000)]

VM state:not at safepoint (not fully initialized)

VM Mutex/Monitor currently owned by a thread: None

GC Heap History (0 events):
No events

Deoptimization events (0 events):
No events

Internal exceptions (0 events):
No events

Events (0 events):
No events


Dynamic libraries:
00400000-00401000 r-xp 00000000 08:07 539121                             /usr/lib/jvm/java-7-oracle/bin/java
00600000-00601000 rw-p 00000000 08:07 539121                             /usr/lib/jvm/java-7-oracle/bin/java
00c25000-00c46000 rw-p 00000000 00:00 0                                  [heap]
6fae00000-700000000 rw-p 00000000 00:00 0 
755580000-7aaa80000 rw-p 00000000 00:00 0 
7aaa80000-7d5580000 rw-p 00000000 00:00 0 
7d5580000-800000000 rw-p 00000000 00:00 0 
7f5478036000-7f54781a2000 rw-p 00000000 00:00 0 
7f54781a2000-7f5478720000 rw-p 00000000 00:00 0 
7f5478720000-7f5478876000 rw-p 00000000 00:00 0 
7f5478876000-7f54789cb000 rw-p 00000000 00:00 0 
7f54789cb000-7f54789cc000 rw-p 00000000 00:00 0 
7f54789cc000-7f5478c3c000 rwxp 00000000 00:00 0 
7f5478c3c000-7f547b9cc000 rw-p 00000000 00:00 0 
7f547b9cc000-7f547b9e6000 r-xp 00000000 08:07 286749                     /usr/lib/jvm/java-7-oracle/jre/lib/amd64/libzip.so
7f547b9e6000-7f547bbe6000 ---p 0001a000 08:07 286749                     /usr/lib/jvm/java-7-oracle/jre/lib/amd64/libzip.so
7f547bbe6000-7f547bbe7000 rw-p 0001a000 08:07 286749                     /usr/lib/jvm/java-7-oracle/jre/lib/amd64/libzip.so
7f547bbe7000-7f547bbf3000 r-xp 00000000 08:07 3932419                    /lib/x86_64-linux-gnu/libnss_files-2.21.so
7f547bbf3000-7f547bdf2000 ---p 0000c000 08:07 3932419                    /lib/x86_64-linux-gnu/libnss_files-2.21.so
7f547bdf2000-7f547bdf3000 r--p 0000b000 08:07 3932419                    /lib/x86_64-linux-gnu/libnss_files-2.21.so
7f547bdf3000-7f547bdf4000 rw-p 0000c000 08:07 3932419                    /lib/x86_64-linux-gnu/libnss_files-2.21.so
7f547bdf4000-7f547bdff000 r-xp 00000000 08:07 3932341                    /lib/x86_64-linux-gnu/libnss_nis-2.21.so
7f547bdff000-7f547bffe000 ---p 0000b000 08:07 3932341                    /lib/x86_64-linux-gnu/libnss_nis-2.21.so
7f547bffe000-7f547bfff000 r--p 0000a000 08:07 3932341                    /lib/x86_64-linux-gnu/libnss_nis-2.21.so
7f547bfff000-7f547c000000 rw-p 0000b000 08:07 3932341                    /lib/x86_64-linux-gnu/libnss_nis-2.21.so
7f547c000000-7f547c027000 rw-p 00000000 00:00 0 
7f547c027000-7f5480000000 ---p 00000000 00:00 0 
7f548006d000-7f5480148000 rw-p 00000000 00:00 0 
7f5480148000-7f548015f000 r-xp 00000000 08:07 3932535                    /lib/x86_64-linux-gnu/libnsl-2.21.so
7f548015f000-7f548035e000 ---p 00017000 08:07 3932535                    /lib/x86_64-linux-gnu/libnsl-2.21.so
7f548035e000-7f548035f000 r--p 00016000 08:07 3932535                    /lib/x86_64-linux-gnu/libnsl-2.21.so
7f548035f000-7f5480360000 rw-p 00017000 08:07 3932535                    /lib/x86_64-linux-gnu/libnsl-2.21.so
7f5480360000-7f5480362000 rw-p 00000000 00:00 0 
7f5480362000-7f548036a000 r-xp 00000000 08:07 3932426                    /lib/x86_64-linux-gnu/libnss_compat-2.21.so
7f548036a000-7f5480569000 ---p 00008000 08:07 3932426                    /lib/x86_64-linux-gnu/libnss_compat-2.21.so
7f5480569000-7f548056a000 r--p 00007000 08:07 3932426                    /lib/x86_64-linux-gnu/libnss_compat-2.21.so
7f548056a000-7f548056b000 rw-p 00008000 08:07 3932426                    /lib/x86_64-linux-gnu/libnss_compat-2.21.so
7f548056b000-7f5480575000 r-xp 00000000 08:07 286710                     /usr/lib/jvm/java-7-oracle/jre/lib/amd64/libinstrument.so
7f5480575000-7f5480774000 ---p 0000a000 08:07 286710                     /usr/lib/jvm/java-7-oracle/jre/lib/amd64/libinstrument.so
7f5480774000-7f5480775000 rw-p 00009000 08:07 286710                     /usr/lib/jvm/java-7-oracle/jre/lib/amd64/libinstrument.so
7f5480775000-7f548079e000 r-xp 00000000 08:07 286763                     /usr/lib/jvm/java-7-oracle/jre/lib/amd64/libjava.so
7f548079e000-7f548099e000 ---p 00029000 08:07 286763                     /usr/lib/jvm/java-7-oracle/jre/lib/amd64/libjava.so
7f548099e000-7f54809a0000 rw-p 00029000 08:07 286763                     /usr/lib/jvm/java-7-oracle/jre/lib/amd64/libjava.so
7f54809a0000-7f54809ad000 r-xp 00000000 08:07 286754                     /usr/lib/jvm/java-7-oracle/jre/lib/amd64/libverify.so
7f54809ad000-7f5480bac000 ---p 0000d000 08:07 286754                     /usr/lib/jvm/java-7-oracle/jre/lib/amd64/libverify.so
7f5480bac000-7f5480bae000 rw-p 0000c000 08:07 286754                     /usr/lib/jvm/java-7-oracle/jre/lib/amd64/libverify.so
7f5480bae000-7f5480bb5000 r-xp 00000000 08:07 3932541                    /lib/x86_64-linux-gnu/librt-2.21.so
7f5480bb5000-7f5480db4000 ---p 00007000 08:07 3932541                    /lib/x86_64-linux-gnu/librt-2.21.so
7f5480db4000-7f5480db5000 r--p 00006000 08:07 3932541                    /lib/x86_64-linux-gnu/librt-2.21.so
7f5480db5000-7f5480db6000 rw-p 00007000 08:07 3932541                    /lib/x86_64-linux-gnu/librt-2.21.so
7f5480db6000-7f5480ebd000 r-xp 00000000 08:07 3932531                    /lib/x86_64-linux-gnu/libm-2.21.so
7f5480ebd000-7f54810bc000 ---p 00107000 08:07 3932531                    /lib/x86_64-linux-gnu/libm-2.21.so
7f54810bc000-7f54810bd000 r--p 00106000 08:07 3932531                    /lib/x86_64-linux-gnu/libm-2.21.so
7f54810bd000-7f54810be000 rw-p 00107000 08:07 3932531                    /lib/x86_64-linux-gnu/libm-2.21.so
7f54810be000-7f5481c31000 r-xp 00000000 08:07 286742                     /usr/lib/jvm/java-7-oracle/jre/lib/amd64/server/libjvm.so
7f5481c31000-7f5481e30000 ---p 00b73000 08:07 286742                     /usr/lib/jvm/java-7-oracle/jre/lib/amd64/server/libjvm.so
7f5481e30000-7f5481ef4000 rw-p 00b72000 08:07 286742                     /usr/lib/jvm/java-7-oracle/jre/lib/amd64/server/libjvm.so
7f5481ef4000-7f5481f35000 rw-p 00000000 00:00 0 
7f5481f35000-7f54820f5000 r-xp 00000000 08:07 3932553                    /lib/x86_64-linux-gnu/libc-2.21.so
7f54820f5000-7f54822f5000 ---p 001c0000 08:07 3932553                    /lib/x86_64-linux-gnu/libc-2.21.so
7f54822f5000-7f54822f9000 r--p 001c0000 08:07 3932553                    /lib/x86_64-linux-gnu/libc-2.21.so
7f54822f9000-7f54822fb000 rw-p 001c4000 08:07 3932553                    /lib/x86_64-linux-gnu/libc-2.21.so
7f54822fb000-7f54822ff000 rw-p 00000000 00:00 0 
7f54822ff000-7f5482302000 r-xp 00000000 08:07 3932399                    /lib/x86_64-linux-gnu/libdl-2.21.so
7f5482302000-7f5482501000 ---p 00003000 08:07 3932399                    /lib/x86_64-linux-gnu/libdl-2.21.so
7f5482501000-7f5482502000 r--p 00002000 08:07 3932399                    /lib/x86_64-linux-gnu/libdl-2.21.so
7f5482502000-7f5482503000 rw-p 00003000 08:07 3932399                    /lib/x86_64-linux-gnu/libdl-2.21.so
7f5482503000-7f5482519000 r-xp 00000000 08:07 663123                     /usr/lib/jvm/java-7-oracle/lib/amd64/jli/libjli.so
7f5482519000-7f5482719000 ---p 00016000 08:07 663123                     /usr/lib/jvm/java-7-oracle/lib/amd64/jli/libjli.so
7f5482719000-7f548271a000 rw-p 00016000 08:07 663123                     /usr/lib/jvm/java-7-oracle/lib/amd64/jli/libjli.so
7f548271a000-7f5482732000 r-xp 00000000 08:07 3932411                    /lib/x86_64-linux-gnu/libpthread-2.21.so
7f5482732000-7f5482932000 ---p 00018000 08:07 3932411                    /lib/x86_64-linux-gnu/libpthread-2.21.so
7f5482932000-7f5482933000 r--p 00018000 08:07 3932411                    /lib/x86_64-linux-gnu/libpthread-2.21.so
7f5482933000-7f5482934000 rw-p 00019000 08:07 3932411                    /lib/x86_64-linux-gnu/libpthread-2.21.so
7f5482934000-7f5482938000 rw-p 00000000 00:00 0 
7f5482938000-7f548295c000 r-xp 00000000 08:07 3932409                    /lib/x86_64-linux-gnu/ld-2.21.so
7f5482961000-7f548296b000 rw-p 00000000 00:00 0 
7f548296b000-7f5482a21000 rw-p 00000000 00:00 0 
7f5482a21000-7f5482a24000 ---p 00000000 00:00 0 
7f5482a24000-7f5482b26000 rw-p 00000000 00:00 0 
7f5482b4d000-7f5482b4f000 rw-p 00000000 00:00 0 
7f5482b4f000-7f5482b57000 rw-s 00000000 08:07 5256049                    /tmp/hsperfdata_manshu/29687
7f5482b57000-7f5482b58000 rw-p 00000000 00:00 0 
7f5482b58000-7f5482b59000 r--p 00000000 00:00 0 
7f5482b59000-7f5482b5b000 rw-p 00000000 00:00 0 
7f5482b5b000-7f5482b5c000 r--p 00023000 08:07 3932409                    /lib/x86_64-linux-gnu/ld-2.21.so
7f5482b5c000-7f5482b5d000 rw-p 00024000 08:07 3932409                    /lib/x86_64-linux-gnu/ld-2.21.so
7f5482b5d000-7f5482b5e000 rw-p 00000000 00:00 0 
7ffd4fa2a000-7ffd4fa4c000 rw-p 00000000 00:00 0                          [stack]
7ffd4fb83000-7ffd4fb85000 r--p 00000000 00:00 0                          [vvar]
7ffd4fb85000-7ffd4fb87000 r-xp 00000000 00:00 0                          [vdso]
ffffffffff600000-ffffffffff601000 r-xp 00000000 00:00 0                  [vsyscall]

VM Arguments:
jvm_args: -javaagent:/usr/share/java/jayatanaag.jar -Xmx1024M -Dfile.encoding=UTF-8 -Duser.country=US -Duser.language=en -Duser.variant -Xms2048m -Xmx4096m -Dawt.useSystemAAFontSettings=on -Dswing.aatext=true -Dswing.defaultlaf=com.sun.java.swing.plaf.nimbus.NimbusLookAndFeel 
java_command: com.android.dx.command.Main --dex --output /home/manshu/AndroidStudioProjects/MedicalCorrelation/app/build/intermediates/dex/debug /home/manshu/AndroidStudioProjects/MedicalCorrelation/app/build/intermediates/classes/debug /home/manshu/AndroidStudioProjects/MedicalCorrelation/app/build/intermediates/pre-dexed/debug/support-annotations-22.1.1-b05b6ac38b3e7508293108f49fc7cfed8ce717fa.jar /home/manshu/AndroidStudioProjects/MedicalCorrelation/app/build/intermediates/pre-dexed/debug/commons-csv-1.0-f098682cf909a925d0df1e24a371e43b0b2f6590.jar /home/manshu/AndroidStudioProjects/MedicalCorrelation/app/build/intermediates/pre-dexed/debug/internal_impl-22.1.1-74bd8b2962785edeed97c10fce81f5dacaa571c9.jar /home/manshu/AndroidStudioProjects/MedicalCorrelation/app/build/intermediates/pre-dexed/debug/MPAndroidChart-v2.1.0-5455e4a6a7abe6b62873f3d6d2f48d1c8430f7ff.jar /home/manshu/AndroidStudioProjects/MedicalCorrelation/app/build/intermediates/pre-dexed/debug/classes-9dbf860236ead25b8eda42d109f8de5a54441640.jar /home/manshu/AndroidStudioProjects/MedicalCorrelation/app/build/intermediates/pre-dexed/debug/classes-763fd79e8ccab2252af650896476a5b64c2a453c.jar /home/manshu/AndroidStudioProjects/MedicalCorrelation/app/build/intermediates/pre-dexed/debug/joda-time-2.7-48f3ed744050c824aa1b9fd2567e0dbeafbc1cba.jar
Launcher Type: SUN_STANDARD

Environment Variables:
JAVA_HOME=/usr/lib/jvm/java-7-oracle/
JAVA_TOOL_OPTIONS=-javaagent:/usr/share/java/jayatanaag.jar 
_JAVA_OPTIONS=-Xms2048m -Xmx4096m -Dawt.useSystemAAFontSettings=on -Dswing.aatext=true -Dswing.defaultlaf=com.sun.java.swing.plaf.nimbus.NimbusLookAndFeel
CLASSPATH=./../lib/bootstrap.jar:./../lib/extensions.jar:./../lib/util.jar:./../lib/jdom.jar:./../lib/log4j.jar:./../lib/trove4j.jar:./../lib/jna.jar:/usr/lib/jvm/java-7-oracle//lib/tools.jar
PATH=/home/manshu/.rvm/gems/ruby-2.1.2/bin:/home/manshu/.rvm/gems/ruby-2.1.2@global/bin:/home/manshu/.rvm/rubies/ruby-2.1.2/bin:/usr/local/bin:/usr/local/sbin:/usr/sbin:/usr/bin:/sbin:/bin:/usr/games:/usr/local/games:/home/manshu/.rvm/bin:/home/manshu/.yadr/bin:/home/manshu/.yadr/bin/yadr:/usr/lib/jvm/java-7-oracle//jre/bin:/usr/local/cuda/bin/nvcc:/opt/hadoop/hadoop-2.6.0/bin:/opt/hadoop/hadoop-2.6.0/sbin:/opt/pig/pig-0.14.0/bin:/opt/hive/apache-hive-0.14.0/bin:/opt/hbase/hbase-0.99.2/bin:/opt/zookeeper/bin:/opt/kafka/bin:/opt/hadoop/elastic-mapreduce-cli/
LD_LIBRARY_PATH=.::/usr/local/cuda/lib
SHELL=/bin/zsh
DISPLAY=:0

Signal Handlers:
SIGSEGV: [libjvm.so+0x9a1a10], sa_mask[0]=0x7ffbfeff, sa_flags=0x10000004
SIGBUS: [libjvm.so+0x9a1a10], sa_mask[0]=0x7ffbfeff, sa_flags=0x10000004
SIGFPE: [libjvm.so+0x81bae0], sa_mask[0]=0x7ffbfeff, sa_flags=0x10000004
SIGPIPE: [libjvm.so+0x81bae0], sa_mask[0]=0x7ffbfeff, sa_flags=0x10000004
SIGXFSZ: [libjvm.so+0x81bae0], sa_mask[0]=0x7ffbfeff, sa_flags=0x10000004
SIGILL: [libjvm.so+0x81bae0], sa_mask[0]=0x7ffbfeff, sa_flags=0x10000004
SIGUSR1: SIG_DFL, sa_mask[0]=0x00000000, sa_flags=0x00000000
SIGUSR2: [libjvm.so+0x81d2e0], sa_mask[0]=0x00000004, sa_flags=0x10000004
SIGHUP: SIG_DFL, sa_mask[0]=0x00000000, sa_flags=0x00000000
SIGINT: SIG_DFL, sa_mask[0]=0x00000000, sa_flags=0x00000000
SIGTERM: SIG_DFL, sa_mask[0]=0x00000000, sa_flags=0x00000000
SIGQUIT: SIG_DFL, sa_mask[0]=0x00000000, sa_flags=0x00000000


---------------  S Y S T E M  ---------------

OS:jessie/sid

uname:Linux 3.19.0-16-generic #16-Ubuntu SMP Thu Apr 30 16:09:58 UTC 2015 x86_64
libc:glibc 2.21 NPTL 2.21 
rlimit: STACK 8192k, CORE 0k, NPROC 63326, NOFILE 4096, AS infinity
load average:0.68 0.64 0.60

/proc/meminfo:
MemTotal:       16343260 kB
MemFree:          256876 kB
MemAvailable:    1029748 kB
Buffers:           85860 kB
Cached:          4683084 kB
SwapCached:            0 kB
Active:         11716612 kB
Inactive:        4055360 kB
Active(anon):   11214264 kB
Inactive(anon):  3661964 kB
Active(file):     502348 kB
Inactive(file):   393396 kB
Unevictable:          96 kB
Mlocked:              96 kB
SwapTotal:             0 kB
SwapFree:              0 kB
Dirty:             17176 kB
Writeback:             0 kB
AnonPages:      11003176 kB
Mapped:          1210140 kB
Shmem:           3873176 kB
Slab:             150892 kB
SReclaimable:      92124 kB
SUnreclaim:        58768 kB
KernelStack:       17440 kB
PageTables:        69560 kB
NFS_Unstable:          0 kB
Bounce:                0 kB
WritebackTmp:          0 kB
CommitLimit:     8171628 kB
Committed_AS:   28452144 kB
VmallocTotal:   34359738367 kB
VmallocUsed:      597696 kB
VmallocChunk:   34359081316 kB
HardwareCorrupted:     0 kB
AnonHugePages:   7321600 kB
CmaTotal:              0 kB
CmaFree:               0 kB
HugePages_Total:       0
HugePages_Free:        0
HugePages_Rsvd:        0
HugePages_Surp:        0
Hugepagesize:       2048 kB
DirectMap4k:      133888 kB
DirectMap2M:     6068224 kB
DirectMap1G:    11534336 kB


CPU:total 8 (4 cores per cpu, 2 threads per core) family 6 model 60 stepping 3, cmov, cx8, fxsr, mmx, sse, sse2, sse3, ssse3, sse4.1, sse4.2, popcnt, avx, avx2, aes, erms, ht, tsc, tscinvbit

/proc/cpuinfo:
processor	: 0
vendor_id	: GenuineIntel
cpu family	: 6
model		: 60
model name	: Intel(R) Core(TM) i7-4710HQ CPU @ 2.50GHz
stepping	: 3
microcode	: 0x1c
cpu MHz		: 3368.261
cache size	: 6144 KB
physical id	: 0
siblings	: 8
core id		: 0
cpu cores	: 4
apicid		: 0
initial apicid	: 0
fpu		: yes
fpu_exception	: yes
cpuid level	: 13
wp		: yes
flags		: fpu vme de pse tsc msr pae mce cx8 apic sep mtrr pge mca cmov pat pse36 clflush dts acpi mmx fxsr sse sse2 ss ht tm pbe syscall nx pdpe1gb rdtscp lm constant_tsc arch_perfmon pebs bts rep_good nopl xtopology nonstop_tsc aperfmperf eagerfpu pni pclmulqdq dtes64 monitor ds_cpl vmx est tm2 ssse3 fma cx16 xtpr pdcm pcid sse4_1 sse4_2 x2apic movbe popcnt tsc_deadline_timer aes xsave avx f16c rdrand lahf_lm abm ida arat epb pln pts dtherm tpr_shadow vnmi flexpriority ept vpid fsgsbase tsc_adjust bmi1 avx2 smep bmi2 erms invpcid xsaveopt
bugs		:
bogomips	: 4988.11
clflush size	: 64
cache_alignment	: 64
address sizes	: 39 bits physical, 48 bits virtual
power management:

processor	: 1
vendor_id	: GenuineIntel
cpu family	: 6
model		: 60
model name	: Intel(R) Core(TM) i7-4710HQ CPU @ 2.50GHz
stepping	: 3
microcode	: 0x1c
cpu MHz		: 3342.968
cache size	: 6144 KB
physical id	: 0
siblings	: 8
core id		: 0
cpu cores	: 4
apicid		: 1
initial apicid	: 1
fpu		: yes
fpu_exception	: yes
cpuid level	: 13
wp		: yes
flags		: fpu vme de pse tsc msr pae mce cx8 apic sep mtrr pge mca cmov pat pse36 clflush dts acpi mmx fxsr sse sse2 ss ht tm pbe syscall nx pdpe1gb rdtscp lm constant_tsc arch_perfmon pebs bts rep_good nopl xtopology nonstop_tsc aperfmperf eagerfpu pni pclmulqdq dtes64 monitor ds_cpl vmx est tm2 ssse3 fma cx16 xtpr pdcm pcid sse4_1 sse4_2 x2apic movbe popcnt tsc_deadline_timer aes xsave avx f16c rdrand lahf_lm abm ida arat epb pln pts dtherm tpr_shadow vnmi flexpriority ept vpid fsgsbase tsc_adjust bmi1 avx2 smep bmi2 erms invpcid xsaveopt
bugs		:
bogomips	: 4988.11
clflush size	: 64
cache_alignment	: 64
address sizes	: 39 bits physical, 48 bits virtual
power management:

processor	: 2
vendor_id	: GenuineIntel
cpu family	: 6
model		: 60
model name	: Intel(R) Core(TM) i7-4710HQ CPU @ 2.50GHz
stepping	: 3
microcode	: 0x1c
cpu MHz		: 3355.273
cache size	: 6144 KB
physical id	: 0
siblings	: 8
core id		: 1
cpu cores	: 4
apicid		: 2
initial apicid	: 2
fpu		: yes
fpu_exception	: yes
cpuid level	: 13
wp		: yes
flags		: fpu vme de pse tsc msr pae mce cx8 apic sep mtrr pge mca cmov pat pse36 clflush dts acpi mmx fxsr sse sse2 ss ht tm pbe syscall nx pdpe1gb rdtscp lm constant_tsc arch_perfmon pebs bts rep_good nopl xtopology nonstop_tsc aperfmperf eagerfpu pni pclmulqdq dtes64 monitor ds_cpl vmx est tm2 ssse3 fma cx16 xtpr pdcm pcid sse4_1 sse4_2 x2apic movbe popcnt tsc_deadline_timer aes xsave avx f16c rdrand lahf_lm abm ida arat epb pln pts dtherm tpr_shadow vnmi flexpriority ept vpid fsgsbase tsc_adjust bmi1 avx2 smep bmi2 erms invpcid xsaveopt
bugs		:
bogomips	: 4988.11
clflush size	: 64
cache_alignment	: 64
address sizes	: 39 bits physical, 48 bits virtual
power management:

processor	: 3
vendor_id	: GenuineIntel
cpu family	: 6
model		: 60
model name	: Intel(R) Core(TM) i7-4710HQ CPU @ 2.50GHz
stepping	: 3
microcode	: 0x1c
cpu MHz		: 3371.191
cache size	: 6144 KB
physical id	: 0
siblings	: 8
core id		: 1
cpu cores	: 4
apicid		: 3
initial apicid	: 3
fpu		: yes
fpu_exception	: yes
cpuid level	: 13
wp		: yes
flags		: fpu vme de pse tsc msr pae mce cx8 apic sep mtrr pge mca cmov pat pse36 clflush dts acpi mmx fxsr sse sse2 ss ht tm pbe syscall nx pdpe1gb rdtscp lm constant_tsc arch_perfmon pebs bts rep_good nopl xtopology nonstop_tsc aperfmperf eagerfpu pni pclmulqdq dtes64 monitor ds_cpl vmx est tm2 ssse3 fma cx16 xtpr pdcm pcid sse4_1 sse4_2 x2apic movbe popcnt tsc_deadline_timer aes xsave avx f16c rdrand lahf_lm abm ida arat epb pln pts dtherm tpr_shadow vnmi flexpriority ept vpid fsgsbase tsc_adjust bmi1 avx2 smep bmi2 erms invpcid xsaveopt
bugs		:
bogomips	: 4988.11
clflush size	: 64
cache_alignment	: 64
address sizes	: 39 bits physical, 48 bits virtual
power management:

processor	: 4
vendor_id	: GenuineIntel
cpu family	: 6
model		: 60
model name	: Intel(R) Core(TM) i7-4710HQ CPU @ 2.50GHz
stepping	: 3
microcode	: 0x1c
cpu MHz		: 3334.375
cache size	: 6144 KB
physical id	: 0
siblings	: 8
core id		: 2
cpu cores	: 4
apicid		: 4
initial apicid	: 4
fpu		: yes
fpu_exception	: yes
cpuid level	: 13
wp		: yes
flags		: fpu vme de pse tsc msr pae mce cx8 apic sep mtrr pge mca cmov pat pse36 clflush dts acpi mmx fxsr sse sse2 ss ht tm pbe syscall nx pdpe1gb rdtscp lm constant_tsc arch_perfmon pebs bts rep_good nopl xtopology nonstop_tsc aperfmperf eagerfpu pni pclmulqdq dtes64 monitor ds_cpl vmx est tm2 ssse3 fma cx16 xtpr pdcm pcid sse4_1 sse4_2 x2apic movbe popcnt tsc_deadline_timer aes xsave avx f16c rdrand lahf_lm abm ida arat epb pln pts dtherm tpr_shadow vnmi flexpriority ept vpid fsgsbase tsc_adjust bmi1 avx2 smep bmi2 erms invpcid xsaveopt
bugs		:
bogomips	: 4988.11
clflush size	: 64
cache_alignment	: 64
address sizes	: 39 bits physical, 48 bits virtual
power management:

processor	: 5
vendor_id	: GenuineIntel
cpu family	: 6
model		: 60
model name	: Intel(R) Core(TM) i7-4710HQ CPU @ 2.50GHz
stepping	: 3
microcode	: 0x1c
cpu MHz		: 3368.164
cache size	: 6144 KB
physical id	: 0
siblings	: 8
core id		: 2
cpu cores	: 4
apicid		: 5
initial apicid	: 5
fpu		: yes
fpu_exception	: yes
cpuid level	: 13
wp		: yes
flags		: fpu vme de pse tsc msr pae mce cx8 apic sep mtrr pge mca cmov pat pse36 clflush dts acpi mmx fxsr sse sse2 ss ht tm pbe syscall nx pdpe1gb rdtscp lm constant_tsc arch_perfmon pebs bts rep_good nopl xtopology nonstop_tsc aperfmperf eagerfpu pni pclmulqdq dtes64 monitor ds_cpl vmx est tm2 ssse3 fma cx16 xtpr pdcm pcid sse4_1 sse4_2 x2apic movbe popcnt tsc_deadline_timer aes xsave avx f16c rdrand lahf_lm abm ida arat epb pln pts dtherm tpr_shadow vnmi flexpriority ept vpid fsgsbase tsc_adjust bmi1 avx2 smep bmi2 erms invpcid xsaveopt
bugs		:
bogomips	: 4988.11
clflush size	: 64
cache_alignment	: 64
address sizes	: 39 bits physical, 48 bits virtual
power management:

processor	: 6
vendor_id	: GenuineIntel
cpu family	: 6
model		: 60
model name	: Intel(R) Core(TM) i7-4710HQ CPU @ 2.50GHz
stepping	: 3
microcode	: 0x1c
cpu MHz		: 3404.199
cache size	: 6144 KB
physical id	: 0
siblings	: 8
core id		: 3
cpu cores	: 4
apicid		: 6
initial apicid	: 6
fpu		: yes
fpu_exception	: yes
cpuid level	: 13
wp		: yes
flags		: fpu vme de pse tsc msr pae mce cx8 apic sep mtrr pge mca cmov pat pse36 clflush dts acpi mmx fxsr sse sse2 ss ht tm pbe syscall nx pdpe1gb rdtscp lm constant_tsc arch_perfmon pebs bts rep_good nopl xtopology nonstop_tsc aperfmperf eagerfpu pni pclmulqdq dtes64 monitor ds_cpl vmx est tm2 ssse3 fma cx16 xtpr pdcm pcid sse4_1 sse4_2 x2apic movbe popcnt tsc_deadline_timer aes xsave avx f16c rdrand lahf_lm abm ida arat epb pln pts dtherm tpr_shadow vnmi flexpriority ept vpid fsgsbase tsc_adjust bmi1 avx2 smep bmi2 erms invpcid xsaveopt
bugs		:
bogomips	: 4988.11
clflush size	: 64
cache_alignment	: 64
address sizes	: 39 bits physical, 48 bits virtual
power management:

processor	: 7
vendor_id	: GenuineIntel
cpu family	: 6
model		: 60
model name	: Intel(R) Core(TM) i7-4710HQ CPU @ 2.50GHz
stepping	: 3
microcode	: 0x1c
cpu MHz		: 3430.566
cache size	: 6144 KB
physical id	: 0
siblings	: 8
core id		: 3
cpu cores	: 4
apicid		: 7
initial apicid	: 7
fpu		: yes
fpu_exception	: yes
cpuid level	: 13
wp		: yes
flags		: fpu vme de pse tsc msr pae mce cx8 apic sep mtrr pge mca cmov pat pse36 clflush dts acpi mmx fxsr sse sse2 ss ht tm pbe syscall nx pdpe1gb rdtscp lm constant_tsc arch_perfmon pebs bts rep_good nopl xtopology nonstop_tsc aperfmperf eagerfpu pni pclmulqdq dtes64 monitor ds_cpl vmx est tm2 ssse3 fma cx16 xtpr pdcm pcid sse4_1 sse4_2 x2apic movbe popcnt tsc_deadline_timer aes xsave avx f16c rdrand lahf_lm abm ida arat epb pln pts dtherm tpr_shadow vnmi flexpriority ept vpid fsgsbase tsc_adjust bmi1 avx2 smep bmi2 erms invpcid xsaveopt
bugs		:
bogomips	: 4988.11
clflush size	: 64
cache_alignment	: 64
address sizes	: 39 bits physical, 48 bits virtual
power management:



Memory: 4k page, physical 16343260k(256876k free), swap 0k(0k free)

vm_info: Java HotSpot(TM) 64-Bit Server VM (24.72-b04) for linux-amd64 JRE (1.7.0_72-b14), built on Sep 26 2014 18:20:41 by "java_re" with gcc 4.3.0 20080428 (Red Hat 4.3.0-8)

time: Mon May 11 07:08:19 2015
elapsed time: 0 seconds

