#
# There is insufficient memory for the Java Runtime Environment to continue.
# Native memory allocation (malloc) failed to allocate 1431830528 bytes for committing reserved memory.
# Possible reasons:
#   The system is out of physical RAM or swap space
#   In 32 bit mode, the process size limit was hit
# Possible solutions:
#   Reduce memory load on the system
#   Increase physical memory or swap space
#   Check if swap backing store is full
#   Use 64 bit Java on a 64 bit OS
#   Decrease Java heap size (-Xmx/-Xms)
#   Decrease number of Java threads
#   Decrease Java thread stack sizes (-Xss)
#   Set larger code cache with -XX:ReservedCodeCacheSize=
# This output file may be truncated or incomplete.
#
#  Out of Memory Error (os_linux.cpp:2756), pid=29662, tid=140652451731200
#
# JRE version:  (7.0_72-b14) (build )
# Java VM: Java HotSpot(TM) 64-Bit Server VM (24.72-b04 mixed mode linux-amd64 compressed oops)
# Failed to write core dump. Core dumps have been disabled. To enable core dumping, try "ulimit -c unlimited" before starting Java again
#

---------------  T H R E A D  ---------------

Current thread (0x00007fec2c00b800):  JavaThread "Unknown thread" [_thread_in_vm, id=29668, stack(0x00007fec335c1000,0x00007fec336c2000)]

Stack: [0x00007fec335c1000,0x00007fec336c2000],  sp=0x00007fec336c0270,  free space=1020k
Native frames: (J=compiled Java code, j=interpreted, Vv=VM code, C=native code)
V  [libjvm.so+0x9a10fa]  VMError::report_and_die()+0x2ea
V  [libjvm.so+0x49755b]  report_vm_out_of_memory(char const*, int, unsigned long, char const*)+0x9b
V  [libjvm.so+0x81ec4e]  os::Linux::commit_memory_impl(char*, unsigned long, bool)+0xfe
V  [libjvm.so+0x81f199]  os::pd_commit_memory(char*, unsigned long, unsigned long, bool)+0x29
V  [libjvm.so+0x818f2a]  os::commit_memory(char*, unsigned long, unsigned long, bool)+0x2a
V  [libjvm.so+0x88ba53]  PSVirtualSpace::expand_by(unsigned long)+0x53
V  [libjvm.so+0x87a6e3]  PSOldGen::initialize(ReservedSpace, unsigned long, char const*, int)+0x103
V  [libjvm.so+0x29a593]  AdjoiningGenerations::AdjoiningGenerations(ReservedSpace, unsigned long, unsigned long, unsigned long, unsigned long, unsigned long, unsigned long, unsigned long)+0x3e3
V  [libjvm.so+0x83fa95]  ParallelScavengeHeap::initialize()+0x4d5
V  [libjvm.so+0x9730ba]  Universe::initialize_heap()+0xca
V  [libjvm.so+0x974289]  universe_init()+0x79
V  [libjvm.so+0x5b0f85]  init_globals()+0x65
V  [libjvm.so+0x95bbdd]  Threads::create_vm(JavaVMInitArgs*, bool*)+0x1ed
V  [libjvm.so+0x639234]  JNI_CreateJavaVM+0x74
C  [libjli.so+0x2f8e]  JavaMain+0x9e


---------------  P R O C E S S  ---------------

Java Threads: ( => current thread )

Other Threads:

=>0x00007fec2c00b800 (exited) JavaThread "Unknown thread" [_thread_in_vm, id=29668, stack(0x00007fec335c1000,0x00007fec336c2000)]

VM state:not at safepoint (not fully initialized)

VM Mutex/Monitor currently owned by a thread: None

GC Heap History (0 events):
No events

Deoptimization events (0 events):
No events

Internal exceptions (0 events):
No events

Events (0 events):
No events


Dynamic libraries:
00400000-00401000 r-xp 00000000 08:07 539121                             /usr/lib/jvm/java-7-oracle/bin/java
00600000-00601000 rw-p 00000000 08:07 539121                             /usr/lib/jvm/java-7-oracle/bin/java
00aa4000-00ac5000 rw-p 00000000 00:00 0                                  [heap]
6fae00000-700000000 rw-p 00000000 00:00 0 
755580000-7aaa80000 rw-p 00000000 00:00 0 
7aaa80000-7d5580000 rw-p 00000000 00:00 0 
7d5580000-800000000 rw-p 00000000 00:00 0 
7fec287d6000-7fec28d54000 rw-p 00000000 00:00 0 
7fec28d54000-7fec28eaa000 rw-p 00000000 00:00 0 
7fec28eaa000-7fec28fff000 rw-p 00000000 00:00 0 
7fec28fff000-7fec29000000 rw-p 00000000 00:00 0 
7fec29000000-7fec29270000 rwxp 00000000 00:00 0 
7fec29270000-7fec2c027000 rw-p 00000000 00:00 0 
7fec2c027000-7fec30000000 ---p 00000000 00:00 0 
7fec3046d000-7fec306b4000 rw-p 00000000 00:00 0 
7fec306b4000-7fec306ce000 r-xp 00000000 08:07 286749                     /usr/lib/jvm/java-7-oracle/jre/lib/amd64/libzip.so
7fec306ce000-7fec308ce000 ---p 0001a000 08:07 286749                     /usr/lib/jvm/java-7-oracle/jre/lib/amd64/libzip.so
7fec308ce000-7fec308cf000 rw-p 0001a000 08:07 286749                     /usr/lib/jvm/java-7-oracle/jre/lib/amd64/libzip.so
7fec308cf000-7fec308db000 r-xp 00000000 08:07 3932419                    /lib/x86_64-linux-gnu/libnss_files-2.21.so
7fec308db000-7fec30ada000 ---p 0000c000 08:07 3932419                    /lib/x86_64-linux-gnu/libnss_files-2.21.so
7fec30ada000-7fec30adb000 r--p 0000b000 08:07 3932419                    /lib/x86_64-linux-gnu/libnss_files-2.21.so
7fec30adb000-7fec30adc000 rw-p 0000c000 08:07 3932419                    /lib/x86_64-linux-gnu/libnss_files-2.21.so
7fec30adc000-7fec30ae7000 r-xp 00000000 08:07 3932341                    /lib/x86_64-linux-gnu/libnss_nis-2.21.so
7fec30ae7000-7fec30ce6000 ---p 0000b000 08:07 3932341                    /lib/x86_64-linux-gnu/libnss_nis-2.21.so
7fec30ce6000-7fec30ce7000 r--p 0000a000 08:07 3932341                    /lib/x86_64-linux-gnu/libnss_nis-2.21.so
7fec30ce7000-7fec30ce8000 rw-p 0000b000 08:07 3932341                    /lib/x86_64-linux-gnu/libnss_nis-2.21.so
7fec30ce8000-7fec30cff000 r-xp 00000000 08:07 3932535                    /lib/x86_64-linux-gnu/libnsl-2.21.so
7fec30cff000-7fec30efe000 ---p 00017000 08:07 3932535                    /lib/x86_64-linux-gnu/libnsl-2.21.so
7fec30efe000-7fec30eff000 r--p 00016000 08:07 3932535                    /lib/x86_64-linux-gnu/libnsl-2.21.so
7fec30eff000-7fec30f00000 rw-p 00017000 08:07 3932535                    /lib/x86_64-linux-gnu/libnsl-2.21.so
7fec30f00000-7fec30f02000 rw-p 00000000 00:00 0 
7fec30f02000-7fec30f0a000 r-xp 00000000 08:07 3932426                    /lib/x86_64-linux-gnu/libnss_compat-2.21.so
7fec30f0a000-7fec31109000 ---p 00008000 08:07 3932426                    /lib/x86_64-linux-gnu/libnss_compat-2.21.so
7fec31109000-7fec3110a000 r--p 00007000 08:07 3932426                    /lib/x86_64-linux-gnu/libnss_compat-2.21.so
7fec3110a000-7fec3110b000 rw-p 00008000 08:07 3932426                    /lib/x86_64-linux-gnu/libnss_compat-2.21.so
7fec3110b000-7fec31115000 r-xp 00000000 08:07 286710                     /usr/lib/jvm/java-7-oracle/jre/lib/amd64/libinstrument.so
7fec31115000-7fec31314000 ---p 0000a000 08:07 286710                     /usr/lib/jvm/java-7-oracle/jre/lib/amd64/libinstrument.so
7fec31314000-7fec31315000 rw-p 00009000 08:07 286710                     /usr/lib/jvm/java-7-oracle/jre/lib/amd64/libinstrument.so
7fec31315000-7fec3133e000 r-xp 00000000 08:07 286763                     /usr/lib/jvm/java-7-oracle/jre/lib/amd64/libjava.so
7fec3133e000-7fec3153e000 ---p 00029000 08:07 286763                     /usr/lib/jvm/java-7-oracle/jre/lib/amd64/libjava.so
7fec3153e000-7fec31540000 rw-p 00029000 08:07 286763                     /usr/lib/jvm/java-7-oracle/jre/lib/amd64/libjava.so
7fec31540000-7fec3154d000 r-xp 00000000 08:07 286754                     /usr/lib/jvm/java-7-oracle/jre/lib/amd64/libverify.so
7fec3154d000-7fec3174c000 ---p 0000d000 08:07 286754                     /usr/lib/jvm/java-7-oracle/jre/lib/amd64/libverify.so
7fec3174c000-7fec3174e000 rw-p 0000c000 08:07 286754                     /usr/lib/jvm/java-7-oracle/jre/lib/amd64/libverify.so
7fec3174e000-7fec31755000 r-xp 00000000 08:07 3932541                    /lib/x86_64-linux-gnu/librt-2.21.so
7fec31755000-7fec31954000 ---p 00007000 08:07 3932541                    /lib/x86_64-linux-gnu/librt-2.21.so
7fec31954000-7fec31955000 r--p 00006000 08:07 3932541                    /lib/x86_64-linux-gnu/librt-2.21.so
7fec31955000-7fec31956000 rw-p 00007000 08:07 3932541                    /lib/x86_64-linux-gnu/librt-2.21.so
7fec31956000-7fec31a5d000 r-xp 00000000 08:07 3932531                    /lib/x86_64-linux-gnu/libm-2.21.so
7fec31a5d000-7fec31c5c000 ---p 00107000 08:07 3932531                    /lib/x86_64-linux-gnu/libm-2.21.so
7fec31c5c000-7fec31c5d000 r--p 00106000 08:07 3932531                    /lib/x86_64-linux-gnu/libm-2.21.so
7fec31c5d000-7fec31c5e000 rw-p 00107000 08:07 3932531                    /lib/x86_64-linux-gnu/libm-2.21.so
7fec31c5e000-7fec327d1000 r-xp 00000000 08:07 286742                     /usr/lib/jvm/java-7-oracle/jre/lib/amd64/server/libjvm.so
7fec327d1000-7fec329d0000 ---p 00b73000 08:07 286742                     /usr/lib/jvm/java-7-oracle/jre/lib/amd64/server/libjvm.so
7fec329d0000-7fec32a94000 rw-p 00b72000 08:07 286742                     /usr/lib/jvm/java-7-oracle/jre/lib/amd64/server/libjvm.so
7fec32a94000-7fec32ad5000 rw-p 00000000 00:00 0 
7fec32ad5000-7fec32c95000 r-xp 00000000 08:07 3932553                    /lib/x86_64-linux-gnu/libc-2.21.so
7fec32c95000-7fec32e95000 ---p 001c0000 08:07 3932553                    /lib/x86_64-linux-gnu/libc-2.21.so
7fec32e95000-7fec32e99000 r--p 001c0000 08:07 3932553                    /lib/x86_64-linux-gnu/libc-2.21.so
7fec32e99000-7fec32e9b000 rw-p 001c4000 08:07 3932553                    /lib/x86_64-linux-gnu/libc-2.21.so
7fec32e9b000-7fec32e9f000 rw-p 00000000 00:00 0 
7fec32e9f000-7fec32ea2000 r-xp 00000000 08:07 3932399                    /lib/x86_64-linux-gnu/libdl-2.21.so
7fec32ea2000-7fec330a1000 ---p 00003000 08:07 3932399                    /lib/x86_64-linux-gnu/libdl-2.21.so
7fec330a1000-7fec330a2000 r--p 00002000 08:07 3932399                    /lib/x86_64-linux-gnu/libdl-2.21.so
7fec330a2000-7fec330a3000 rw-p 00003000 08:07 3932399                    /lib/x86_64-linux-gnu/libdl-2.21.so
7fec330a3000-7fec330b9000 r-xp 00000000 08:07 663123                     /usr/lib/jvm/java-7-oracle/lib/amd64/jli/libjli.so
7fec330b9000-7fec332b9000 ---p 00016000 08:07 663123                     /usr/lib/jvm/java-7-oracle/lib/amd64/jli/libjli.so
7fec332b9000-7fec332ba000 rw-p 00016000 08:07 663123                     /usr/lib/jvm/java-7-oracle/lib/amd64/jli/libjli.so
7fec332ba000-7fec332d2000 r-xp 00000000 08:07 3932411                    /lib/x86_64-linux-gnu/libpthread-2.21.so
7fec332d2000-7fec334d2000 ---p 00018000 08:07 3932411                    /lib/x86_64-linux-gnu/libpthread-2.21.so
7fec334d2000-7fec334d3000 r--p 00018000 08:07 3932411                    /lib/x86_64-linux-gnu/libpthread-2.21.so
7fec334d3000-7fec334d4000 rw-p 00019000 08:07 3932411                    /lib/x86_64-linux-gnu/libpthread-2.21.so
7fec334d4000-7fec334d8000 rw-p 00000000 00:00 0 
7fec334d8000-7fec334fc000 r-xp 00000000 08:07 3932409                    /lib/x86_64-linux-gnu/ld-2.21.so
7fec33501000-7fec3350b000 rw-p 00000000 00:00 0 
7fec3350b000-7fec335c1000 rw-p 00000000 00:00 0 
7fec335c1000-7fec335c4000 ---p 00000000 00:00 0 
7fec335c4000-7fec336c6000 rw-p 00000000 00:00 0                          [stack:29668]
7fec336ed000-7fec336ef000 rw-p 00000000 00:00 0 
7fec336ef000-7fec336f7000 rw-s 00000000 08:07 5256048                    /tmp/hsperfdata_manshu/29662
7fec336f7000-7fec336f8000 rw-p 00000000 00:00 0 
7fec336f8000-7fec336f9000 r--p 00000000 00:00 0 
7fec336f9000-7fec336fb000 rw-p 00000000 00:00 0 
7fec336fb000-7fec336fc000 r--p 00023000 08:07 3932409                    /lib/x86_64-linux-gnu/ld-2.21.so
7fec336fc000-7fec336fd000 rw-p 00024000 08:07 3932409                    /lib/x86_64-linux-gnu/ld-2.21.so
7fec336fd000-7fec336fe000 rw-p 00000000 00:00 0 
7fffe0b5b000-7fffe0b7d000 rw-p 00000000 00:00 0                          [stack]
7fffe0b87000-7fffe0b89000 r--p 00000000 00:00 0                          [vvar]
7fffe0b89000-7fffe0b8b000 r-xp 00000000 00:00 0                          [vdso]
ffffffffff600000-ffffffffff601000 r-xp 00000000 00:00 0                  [vsyscall]

VM Arguments:
jvm_args: -javaagent:/usr/share/java/jayatanaag.jar -Xmx1024M -Dfile.encoding=UTF-8 -Duser.country=US -Duser.language=en -Duser.variant -Xms2048m -Xmx4096m -Dawt.useSystemAAFontSettings=on -Dswing.aatext=true -Dswing.defaultlaf=com.sun.java.swing.plaf.nimbus.NimbusLookAndFeel 
java_command: com.android.dx.command.Main --dex --output /home/manshu/AndroidStudioProjects/MedicalCorrelation/app/build/intermediates/dex/debug /home/manshu/AndroidStudioProjects/MedicalCorrelation/app/build/intermediates/classes/debug /home/manshu/AndroidStudioProjects/MedicalCorrelation/app/build/intermediates/pre-dexed/debug/support-annotations-22.1.1-b05b6ac38b3e7508293108f49fc7cfed8ce717fa.jar /home/manshu/AndroidStudioProjects/MedicalCorrelation/app/build/intermediates/pre-dexed/debug/commons-csv-1.0-f098682cf909a925d0df1e24a371e43b0b2f6590.jar /home/manshu/AndroidStudioProjects/MedicalCorrelation/app/build/intermediates/pre-dexed/debug/internal_impl-22.1.1-74bd8b2962785edeed97c10fce81f5dacaa571c9.jar /home/manshu/AndroidStudioProjects/MedicalCorrelation/app/build/intermediates/pre-dexed/debug/MPAndroidChart-v2.1.0-5455e4a6a7abe6b62873f3d6d2f48d1c8430f7ff.jar /home/manshu/AndroidStudioProjects/MedicalCorrelation/app/build/intermediates/pre-dexed/debug/classes-9dbf860236ead25b8eda42d109f8de5a54441640.jar /home/manshu/AndroidStudioProjects/MedicalCorrelation/app/build/intermediates/pre-dexed/debug/classes-763fd79e8ccab2252af650896476a5b64c2a453c.jar /home/manshu/AndroidStudioProjects/MedicalCorrelation/app/build/intermediates/pre-dexed/debug/joda-time-2.7-48f3ed744050c824aa1b9fd2567e0dbeafbc1cba.jar
Launcher Type: SUN_STANDARD

Environment Variables:
JAVA_HOME=/usr/lib/jvm/java-7-oracle/
JAVA_TOOL_OPTIONS=-javaagent:/usr/share/java/jayatanaag.jar 
_JAVA_OPTIONS=-Xms2048m -Xmx4096m -Dawt.useSystemAAFontSettings=on -Dswing.aatext=true -Dswing.defaultlaf=com.sun.java.swing.plaf.nimbus.NimbusLookAndFeel
CLASSPATH=./../lib/bootstrap.jar:./../lib/extensions.jar:./../lib/util.jar:./../lib/jdom.jar:./../lib/log4j.jar:./../lib/trove4j.jar:./../lib/jna.jar:/usr/lib/jvm/java-7-oracle//lib/tools.jar
PATH=/home/manshu/.rvm/gems/ruby-2.1.2/bin:/home/manshu/.rvm/gems/ruby-2.1.2@global/bin:/home/manshu/.rvm/rubies/ruby-2.1.2/bin:/usr/local/bin:/usr/local/sbin:/usr/sbin:/usr/bin:/sbin:/bin:/usr/games:/usr/local/games:/home/manshu/.rvm/bin:/home/manshu/.yadr/bin:/home/manshu/.yadr/bin/yadr:/usr/lib/jvm/java-7-oracle//jre/bin:/usr/local/cuda/bin/nvcc:/opt/hadoop/hadoop-2.6.0/bin:/opt/hadoop/hadoop-2.6.0/sbin:/opt/pig/pig-0.14.0/bin:/opt/hive/apache-hive-0.14.0/bin:/opt/hbase/hbase-0.99.2/bin:/opt/zookeeper/bin:/opt/kafka/bin:/opt/hadoop/elastic-mapreduce-cli/
LD_LIBRARY_PATH=.::/usr/local/cuda/lib
SHELL=/bin/zsh
DISPLAY=:0

Signal Handlers:
SIGSEGV: [libjvm.so+0x9a1a10], sa_mask[0]=0x7ffbfeff, sa_flags=0x10000004
SIGBUS: [libjvm.so+0x9a1a10], sa_mask[0]=0x7ffbfeff, sa_flags=0x10000004
SIGFPE: [libjvm.so+0x81bae0], sa_mask[0]=0x7ffbfeff, sa_flags=0x10000004
SIGPIPE: [libjvm.so+0x81bae0], sa_mask[0]=0x7ffbfeff, sa_flags=0x10000004
SIGXFSZ: [libjvm.so+0x81bae0], sa_mask[0]=0x7ffbfeff, sa_flags=0x10000004
SIGILL: [libjvm.so+0x81bae0], sa_mask[0]=0x7ffbfeff, sa_flags=0x10000004
SIGUSR1: SIG_DFL, sa_mask[0]=0x00000000, sa_flags=0x00000000
SIGUSR2: [libjvm.so+0x81d2e0], sa_mask[0]=0x00000004, sa_flags=0x10000004
SIGHUP: SIG_DFL, sa_mask[0]=0x00000000, sa_flags=0x00000000
SIGINT: SIG_DFL, sa_mask[0]=0x00000000, sa_flags=0x00000000
SIGTERM: SIG_DFL, sa_mask[0]=0x00000000, sa_flags=0x00000000
SIGQUIT: SIG_DFL, sa_mask[0]=0x00000000, sa_flags=0x00000000


---------------  S Y S T E M  ---------------

OS:jessie/sid

uname:Linux 3.19.0-16-generic #16-Ubuntu SMP Thu Apr 30 16:09:58 UTC 2015 x86_64
libc:glibc 2.21 NPTL 2.21 
rlimit: STACK 8192k, CORE 0k, NPROC 63326, NOFILE 4096, AS infinity
load average:0.69 0.64 0.60

/proc/meminfo:
MemTotal:       16343260 kB
MemFree:          282416 kB
MemAvailable:    1053328 kB
Buffers:           85796 kB
Cached:          4657960 kB
SwapCached:            0 kB
Active:         11702336 kB
Inactive:        4043744 kB
Active(anon):   11213416 kB
Inactive(anon):  3638864 kB
Active(file):     488920 kB
Inactive(file):   404880 kB
Unevictable:          96 kB
Mlocked:              96 kB
SwapTotal:             0 kB
SwapFree:              0 kB
Dirty:              9900 kB
Writeback:             0 kB
AnonPages:      11002352 kB
Mapped:          1210664 kB
Shmem:           3850084 kB
Slab:             150928 kB
SReclaimable:      92096 kB
SUnreclaim:        58832 kB
KernelStack:       17456 kB
PageTables:        69576 kB
NFS_Unstable:          0 kB
Bounce:                0 kB
WritebackTmp:          0 kB
CommitLimit:     8171628 kB
Committed_AS:   28425332 kB
VmallocTotal:   34359738367 kB
VmallocUsed:      597696 kB
VmallocChunk:   34359081316 kB
HardwareCorrupted:     0 kB
AnonHugePages:   7325696 kB
CmaTotal:              0 kB
CmaFree:               0 kB
HugePages_Total:       0
HugePages_Free:        0
HugePages_Rsvd:        0
HugePages_Surp:        0
Hugepagesize:       2048 kB
DirectMap4k:      133888 kB
DirectMap2M:     6068224 kB
DirectMap1G:    11534336 kB


CPU:total 8 (4 cores per cpu, 2 threads per core) family 6 model 60 stepping 3, cmov, cx8, fxsr, mmx, sse, sse2, sse3, ssse3, sse4.1, sse4.2, popcnt, avx, avx2, aes, erms, ht, tsc, tscinvbit

/proc/cpuinfo:
processor	: 0
vendor_id	: GenuineIntel
cpu family	: 6
model		: 60
model name	: Intel(R) Core(TM) i7-4710HQ CPU @ 2.50GHz
stepping	: 3
microcode	: 0x1c
cpu MHz		: 3300.000
cache size	: 6144 KB
physical id	: 0
siblings	: 8
core id		: 0
cpu cores	: 4
apicid		: 0
initial apicid	: 0
fpu		: yes
fpu_exception	: yes
cpuid level	: 13
wp		: yes
flags		: fpu vme de pse tsc msr pae mce cx8 apic sep mtrr pge mca cmov pat pse36 clflush dts acpi mmx fxsr sse sse2 ss ht tm pbe syscall nx pdpe1gb rdtscp lm constant_tsc arch_perfmon pebs bts rep_good nopl xtopology nonstop_tsc aperfmperf eagerfpu pni pclmulqdq dtes64 monitor ds_cpl vmx est tm2 ssse3 fma cx16 xtpr pdcm pcid sse4_1 sse4_2 x2apic movbe popcnt tsc_deadline_timer aes xsave avx f16c rdrand lahf_lm abm ida arat epb pln pts dtherm tpr_shadow vnmi flexpriority ept vpid fsgsbase tsc_adjust bmi1 avx2 smep bmi2 erms invpcid xsaveopt
bugs		:
bogomips	: 4988.11
clflush size	: 64
cache_alignment	: 64
address sizes	: 39 bits physical, 48 bits virtual
power management:

processor	: 1
vendor_id	: GenuineIntel
cpu family	: 6
model		: 60
model name	: Intel(R) Core(TM) i7-4710HQ CPU @ 2.50GHz
stepping	: 3
microcode	: 0x1c
cpu MHz		: 3303.906
cache size	: 6144 KB
physical id	: 0
siblings	: 8
core id		: 0
cpu cores	: 4
apicid		: 1
initial apicid	: 1
fpu		: yes
fpu_exception	: yes
cpuid level	: 13
wp		: yes
flags		: fpu vme de pse tsc msr pae mce cx8 apic sep mtrr pge mca cmov pat pse36 clflush dts acpi mmx fxsr sse sse2 ss ht tm pbe syscall nx pdpe1gb rdtscp lm constant_tsc arch_perfmon pebs bts rep_good nopl xtopology nonstop_tsc aperfmperf eagerfpu pni pclmulqdq dtes64 monitor ds_cpl vmx est tm2 ssse3 fma cx16 xtpr pdcm pcid sse4_1 sse4_2 x2apic movbe popcnt tsc_deadline_timer aes xsave avx f16c rdrand lahf_lm abm ida arat epb pln pts dtherm tpr_shadow vnmi flexpriority ept vpid fsgsbase tsc_adjust bmi1 avx2 smep bmi2 erms invpcid xsaveopt
bugs		:
bogomips	: 4988.11
clflush size	: 64
cache_alignment	: 64
address sizes	: 39 bits physical, 48 bits virtual
power management:

processor	: 2
vendor_id	: GenuineIntel
cpu family	: 6
model		: 60
model name	: Intel(R) Core(TM) i7-4710HQ CPU @ 2.50GHz
stepping	: 3
microcode	: 0x1c
cpu MHz		: 3299.902
cache size	: 6144 KB
physical id	: 0
siblings	: 8
core id		: 1
cpu cores	: 4
apicid		: 2
initial apicid	: 2
fpu		: yes
fpu_exception	: yes
cpuid level	: 13
wp		: yes
flags		: fpu vme de pse tsc msr pae mce cx8 apic sep mtrr pge mca cmov pat pse36 clflush dts acpi mmx fxsr sse sse2 ss ht tm pbe syscall nx pdpe1gb rdtscp lm constant_tsc arch_perfmon pebs bts rep_good nopl xtopology nonstop_tsc aperfmperf eagerfpu pni pclmulqdq dtes64 monitor ds_cpl vmx est tm2 ssse3 fma cx16 xtpr pdcm pcid sse4_1 sse4_2 x2apic movbe popcnt tsc_deadline_timer aes xsave avx f16c rdrand lahf_lm abm ida arat epb pln pts dtherm tpr_shadow vnmi flexpriority ept vpid fsgsbase tsc_adjust bmi1 avx2 smep bmi2 erms invpcid xsaveopt
bugs		:
bogomips	: 4988.11
clflush size	: 64
cache_alignment	: 64
address sizes	: 39 bits physical, 48 bits virtual
power management:

processor	: 3
vendor_id	: GenuineIntel
cpu family	: 6
model		: 60
model name	: Intel(R) Core(TM) i7-4710HQ CPU @ 2.50GHz
stepping	: 3
microcode	: 0x1c
cpu MHz		: 3318.359
cache size	: 6144 KB
physical id	: 0
siblings	: 8
core id		: 1
cpu cores	: 4
apicid		: 3
initial apicid	: 3
fpu		: yes
fpu_exception	: yes
cpuid level	: 13
wp		: yes
flags		: fpu vme de pse tsc msr pae mce cx8 apic sep mtrr pge mca cmov pat pse36 clflush dts acpi mmx fxsr sse sse2 ss ht tm pbe syscall nx pdpe1gb rdtscp lm constant_tsc arch_perfmon pebs bts rep_good nopl xtopology nonstop_tsc aperfmperf eagerfpu pni pclmulqdq dtes64 monitor ds_cpl vmx est tm2 ssse3 fma cx16 xtpr pdcm pcid sse4_1 sse4_2 x2apic movbe popcnt tsc_deadline_timer aes xsave avx f16c rdrand lahf_lm abm ida arat epb pln pts dtherm tpr_shadow vnmi flexpriority ept vpid fsgsbase tsc_adjust bmi1 avx2 smep bmi2 erms invpcid xsaveopt
bugs		:
bogomips	: 4988.11
clflush size	: 64
cache_alignment	: 64
address sizes	: 39 bits physical, 48 bits virtual
power management:

processor	: 4
vendor_id	: GenuineIntel
cpu family	: 6
model		: 60
model name	: Intel(R) Core(TM) i7-4710HQ CPU @ 2.50GHz
stepping	: 3
microcode	: 0x1c
cpu MHz		: 3299.902
cache size	: 6144 KB
physical id	: 0
siblings	: 8
core id		: 2
cpu cores	: 4
apicid		: 4
initial apicid	: 4
fpu		: yes
fpu_exception	: yes
cpuid level	: 13
wp		: yes
flags		: fpu vme de pse tsc msr pae mce cx8 apic sep mtrr pge mca cmov pat pse36 clflush dts acpi mmx fxsr sse sse2 ss ht tm pbe syscall nx pdpe1gb rdtscp lm constant_tsc arch_perfmon pebs bts rep_good nopl xtopology nonstop_tsc aperfmperf eagerfpu pni pclmulqdq dtes64 monitor ds_cpl vmx est tm2 ssse3 fma cx16 xtpr pdcm pcid sse4_1 sse4_2 x2apic movbe popcnt tsc_deadline_timer aes xsave avx f16c rdrand lahf_lm abm ida arat epb pln pts dtherm tpr_shadow vnmi flexpriority ept vpid fsgsbase tsc_adjust bmi1 avx2 smep bmi2 erms invpcid xsaveopt
bugs		:
bogomips	: 4988.11
clflush size	: 64
cache_alignment	: 64
address sizes	: 39 bits physical, 48 bits virtual
power management:

processor	: 5
vendor_id	: GenuineIntel
cpu family	: 6
model		: 60
model name	: Intel(R) Core(TM) i7-4710HQ CPU @ 2.50GHz
stepping	: 3
microcode	: 0x1c
cpu MHz		: 3299.902
cache size	: 6144 KB
physical id	: 0
siblings	: 8
core id		: 2
cpu cores	: 4
apicid		: 5
initial apicid	: 5
fpu		: yes
fpu_exception	: yes
cpuid level	: 13
wp		: yes
flags		: fpu vme de pse tsc msr pae mce cx8 apic sep mtrr pge mca cmov pat pse36 clflush dts acpi mmx fxsr sse sse2 ss ht tm pbe syscall nx pdpe1gb rdtscp lm constant_tsc arch_perfmon pebs bts rep_good nopl xtopology nonstop_tsc aperfmperf eagerfpu pni pclmulqdq dtes64 monitor ds_cpl vmx est tm2 ssse3 fma cx16 xtpr pdcm pcid sse4_1 sse4_2 x2apic movbe popcnt tsc_deadline_timer aes xsave avx f16c rdrand lahf_lm abm ida arat epb pln pts dtherm tpr_shadow vnmi flexpriority ept vpid fsgsbase tsc_adjust bmi1 avx2 smep bmi2 erms invpcid xsaveopt
bugs		:
bogomips	: 4988.11
clflush size	: 64
cache_alignment	: 64
address sizes	: 39 bits physical, 48 bits virtual
power management:

processor	: 6
vendor_id	: GenuineIntel
cpu family	: 6
model		: 60
model name	: Intel(R) Core(TM) i7-4710HQ CPU @ 2.50GHz
stepping	: 3
microcode	: 0x1c
cpu MHz		: 3354.492
cache size	: 6144 KB
physical id	: 0
siblings	: 8
core id		: 3
cpu cores	: 4
apicid		: 6
initial apicid	: 6
fpu		: yes
fpu_exception	: yes
cpuid level	: 13
wp		: yes
flags		: fpu vme de pse tsc msr pae mce cx8 apic sep mtrr pge mca cmov pat pse36 clflush dts acpi mmx fxsr sse sse2 ss ht tm pbe syscall nx pdpe1gb rdtscp lm constant_tsc arch_perfmon pebs bts rep_good nopl xtopology nonstop_tsc aperfmperf eagerfpu pni pclmulqdq dtes64 monitor ds_cpl vmx est tm2 ssse3 fma cx16 xtpr pdcm pcid sse4_1 sse4_2 x2apic movbe popcnt tsc_deadline_timer aes xsave avx f16c rdrand lahf_lm abm ida arat epb pln pts dtherm tpr_shadow vnmi flexpriority ept vpid fsgsbase tsc_adjust bmi1 avx2 smep bmi2 erms invpcid xsaveopt
bugs		:
bogomips	: 4988.11
clflush size	: 64
cache_alignment	: 64
address sizes	: 39 bits physical, 48 bits virtual
power management:

processor	: 7
vendor_id	: GenuineIntel
cpu family	: 6
model		: 60
model name	: Intel(R) Core(TM) i7-4710HQ CPU @ 2.50GHz
stepping	: 3
microcode	: 0x1c
cpu MHz		: 3300.000
cache size	: 6144 KB
physical id	: 0
siblings	: 8
core id		: 3
cpu cores	: 4
apicid		: 7
initial apicid	: 7
fpu		: yes
fpu_exception	: yes
cpuid level	: 13
wp		: yes
flags		: fpu vme de pse tsc msr pae mce cx8 apic sep mtrr pge mca cmov pat pse36 clflush dts acpi mmx fxsr sse sse2 ss ht tm pbe syscall nx pdpe1gb rdtscp lm constant_tsc arch_perfmon pebs bts rep_good nopl xtopology nonstop_tsc aperfmperf eagerfpu pni pclmulqdq dtes64 monitor ds_cpl vmx est tm2 ssse3 fma cx16 xtpr pdcm pcid sse4_1 sse4_2 x2apic movbe popcnt tsc_deadline_timer aes xsave avx f16c rdrand lahf_lm abm ida arat epb pln pts dtherm tpr_shadow vnmi flexpriority ept vpid fsgsbase tsc_adjust bmi1 avx2 smep bmi2 erms invpcid xsaveopt
bugs		:
bogomips	: 4988.11
clflush size	: 64
cache_alignment	: 64
address sizes	: 39 bits physical, 48 bits virtual
power management:



Memory: 4k page, physical 16343260k(282416k free), swap 0k(0k free)

vm_info: Java HotSpot(TM) 64-Bit Server VM (24.72-b04) for linux-amd64 JRE (1.7.0_72-b14), built on Sep 26 2014 18:20:41 by "java_re" with gcc 4.3.0 20080428 (Red Hat 4.3.0-8)

time: Mon May 11 07:08:05 2015
elapsed time: 0 seconds

