#
# There is insufficient memory for the Java Runtime Environment to continue.
# Native memory allocation (malloc) failed to allocate 1431830528 bytes for committing reserved memory.
# Possible reasons:
#   The system is out of physical RAM or swap space
#   In 32 bit mode, the process size limit was hit
# Possible solutions:
#   Reduce memory load on the system
#   Increase physical memory or swap space
#   Check if swap backing store is full
#   Use 64 bit Java on a 64 bit OS
#   Decrease Java heap size (-Xmx/-Xms)
#   Decrease number of Java threads
#   Decrease Java thread stack sizes (-Xss)
#   Set larger code cache with -XX:ReservedCodeCacheSize=
# This output file may be truncated or incomplete.
#
#  Out of Memory Error (os_linux.cpp:2756), pid=29850, tid=139996090513152
#
# JRE version:  (7.0_72-b14) (build )
# Java VM: Java HotSpot(TM) 64-Bit Server VM (24.72-b04 mixed mode linux-amd64 compressed oops)
# Failed to write core dump. Core dumps have been disabled. To enable core dumping, try "ulimit -c unlimited" before starting Java again
#

---------------  T H R E A D  ---------------

Current thread (0x00007f535800b800):  JavaThread "Unknown thread" [_thread_in_vm, id=29855, stack(0x00007f53612eb000,0x00007f53613ec000)]

Stack: [0x00007f53612eb000,0x00007f53613ec000],  sp=0x00007f53613ea270,  free space=1020k
Native frames: (J=compiled Java code, j=interpreted, Vv=VM code, C=native code)
V  [libjvm.so+0x9a10fa]  VMError::report_and_die()+0x2ea
V  [libjvm.so+0x49755b]  report_vm_out_of_memory(char const*, int, unsigned long, char const*)+0x9b
V  [libjvm.so+0x81ec4e]  os::Linux::commit_memory_impl(char*, unsigned long, bool)+0xfe
V  [libjvm.so+0x81f199]  os::pd_commit_memory(char*, unsigned long, unsigned long, bool)+0x29
V  [libjvm.so+0x818f2a]  os::commit_memory(char*, unsigned long, unsigned long, bool)+0x2a
V  [libjvm.so+0x88ba53]  PSVirtualSpace::expand_by(unsigned long)+0x53
V  [libjvm.so+0x87a6e3]  PSOldGen::initialize(ReservedSpace, unsigned long, char const*, int)+0x103
V  [libjvm.so+0x29a593]  AdjoiningGenerations::AdjoiningGenerations(ReservedSpace, unsigned long, unsigned long, unsigned long, unsigned long, unsigned long, unsigned long, unsigned long)+0x3e3
V  [libjvm.so+0x83fa95]  ParallelScavengeHeap::initialize()+0x4d5
V  [libjvm.so+0x9730ba]  Universe::initialize_heap()+0xca
V  [libjvm.so+0x974289]  universe_init()+0x79
V  [libjvm.so+0x5b0f85]  init_globals()+0x65
V  [libjvm.so+0x95bbdd]  Threads::create_vm(JavaVMInitArgs*, bool*)+0x1ed
V  [libjvm.so+0x639234]  JNI_CreateJavaVM+0x74
C  [libjli.so+0x2f8e]  JavaMain+0x9e


---------------  P R O C E S S  ---------------

Java Threads: ( => current thread )

Other Threads:

=>0x00007f535800b800 (exited) JavaThread "Unknown thread" [_thread_in_vm, id=29855, stack(0x00007f53612eb000,0x00007f53613ec000)]

VM state:not at safepoint (not fully initialized)

VM Mutex/Monitor currently owned by a thread: None

GC Heap History (0 events):
No events

Deoptimization events (0 events):
No events

Internal exceptions (0 events):
No events

Events (0 events):
No events


Dynamic libraries:
00400000-00401000 r-xp 00000000 08:07 539121                             /usr/lib/jvm/java-7-oracle/bin/java
00600000-00601000 rw-p 00000000 08:07 539121                             /usr/lib/jvm/java-7-oracle/bin/java
01258000-01279000 rw-p 00000000 00:00 0                                  [heap]
6fae00000-700000000 rw-p 00000000 00:00 0 
755580000-7aaa80000 rw-p 00000000 00:00 0 
7aaa80000-7d5580000 rw-p 00000000 00:00 0 
7d5580000-800000000 rw-p 00000000 00:00 0 
7f5355000000-7f5355270000 rwxp 00000000 00:00 0 
7f5355270000-7f5358027000 rw-p 00000000 00:00 0 
7f5358027000-7f535c000000 ---p 00000000 00:00 0 
7f535d96d000-7f535dbb4000 rw-p 00000000 00:00 0 
7f535dbb4000-7f535e132000 rw-p 00000000 00:00 0 
7f535e132000-7f535e288000 rw-p 00000000 00:00 0 
7f535e288000-7f535e3dd000 rw-p 00000000 00:00 0 
7f535e3dd000-7f535e3de000 rw-p 00000000 00:00 0 
7f535e3de000-7f535e3f8000 r-xp 00000000 08:07 286749                     /usr/lib/jvm/java-7-oracle/jre/lib/amd64/libzip.so
7f535e3f8000-7f535e5f8000 ---p 0001a000 08:07 286749                     /usr/lib/jvm/java-7-oracle/jre/lib/amd64/libzip.so
7f535e5f8000-7f535e5f9000 rw-p 0001a000 08:07 286749                     /usr/lib/jvm/java-7-oracle/jre/lib/amd64/libzip.so
7f535e5f9000-7f535e605000 r-xp 00000000 08:07 3932419                    /lib/x86_64-linux-gnu/libnss_files-2.21.so
7f535e605000-7f535e804000 ---p 0000c000 08:07 3932419                    /lib/x86_64-linux-gnu/libnss_files-2.21.so
7f535e804000-7f535e805000 r--p 0000b000 08:07 3932419                    /lib/x86_64-linux-gnu/libnss_files-2.21.so
7f535e805000-7f535e806000 rw-p 0000c000 08:07 3932419                    /lib/x86_64-linux-gnu/libnss_files-2.21.so
7f535e806000-7f535e811000 r-xp 00000000 08:07 3932341                    /lib/x86_64-linux-gnu/libnss_nis-2.21.so
7f535e811000-7f535ea10000 ---p 0000b000 08:07 3932341                    /lib/x86_64-linux-gnu/libnss_nis-2.21.so
7f535ea10000-7f535ea11000 r--p 0000a000 08:07 3932341                    /lib/x86_64-linux-gnu/libnss_nis-2.21.so
7f535ea11000-7f535ea12000 rw-p 0000b000 08:07 3932341                    /lib/x86_64-linux-gnu/libnss_nis-2.21.so
7f535ea12000-7f535ea29000 r-xp 00000000 08:07 3932535                    /lib/x86_64-linux-gnu/libnsl-2.21.so
7f535ea29000-7f535ec28000 ---p 00017000 08:07 3932535                    /lib/x86_64-linux-gnu/libnsl-2.21.so
7f535ec28000-7f535ec29000 r--p 00016000 08:07 3932535                    /lib/x86_64-linux-gnu/libnsl-2.21.so
7f535ec29000-7f535ec2a000 rw-p 00017000 08:07 3932535                    /lib/x86_64-linux-gnu/libnsl-2.21.so
7f535ec2a000-7f535ec2c000 rw-p 00000000 00:00 0 
7f535ec2c000-7f535ec34000 r-xp 00000000 08:07 3932426                    /lib/x86_64-linux-gnu/libnss_compat-2.21.so
7f535ec34000-7f535ee33000 ---p 00008000 08:07 3932426                    /lib/x86_64-linux-gnu/libnss_compat-2.21.so
7f535ee33000-7f535ee34000 r--p 00007000 08:07 3932426                    /lib/x86_64-linux-gnu/libnss_compat-2.21.so
7f535ee34000-7f535ee35000 rw-p 00008000 08:07 3932426                    /lib/x86_64-linux-gnu/libnss_compat-2.21.so
7f535ee35000-7f535ee3f000 r-xp 00000000 08:07 286710                     /usr/lib/jvm/java-7-oracle/jre/lib/amd64/libinstrument.so
7f535ee3f000-7f535f03e000 ---p 0000a000 08:07 286710                     /usr/lib/jvm/java-7-oracle/jre/lib/amd64/libinstrument.so
7f535f03e000-7f535f03f000 rw-p 00009000 08:07 286710                     /usr/lib/jvm/java-7-oracle/jre/lib/amd64/libinstrument.so
7f535f03f000-7f535f068000 r-xp 00000000 08:07 286763                     /usr/lib/jvm/java-7-oracle/jre/lib/amd64/libjava.so
7f535f068000-7f535f268000 ---p 00029000 08:07 286763                     /usr/lib/jvm/java-7-oracle/jre/lib/amd64/libjava.so
7f535f268000-7f535f26a000 rw-p 00029000 08:07 286763                     /usr/lib/jvm/java-7-oracle/jre/lib/amd64/libjava.so
7f535f26a000-7f535f277000 r-xp 00000000 08:07 286754                     /usr/lib/jvm/java-7-oracle/jre/lib/amd64/libverify.so
7f535f277000-7f535f476000 ---p 0000d000 08:07 286754                     /usr/lib/jvm/java-7-oracle/jre/lib/amd64/libverify.so
7f535f476000-7f535f478000 rw-p 0000c000 08:07 286754                     /usr/lib/jvm/java-7-oracle/jre/lib/amd64/libverify.so
7f535f478000-7f535f47f000 r-xp 00000000 08:07 3932541                    /lib/x86_64-linux-gnu/librt-2.21.so
7f535f47f000-7f535f67e000 ---p 00007000 08:07 3932541                    /lib/x86_64-linux-gnu/librt-2.21.so
7f535f67e000-7f535f67f000 r--p 00006000 08:07 3932541                    /lib/x86_64-linux-gnu/librt-2.21.so
7f535f67f000-7f535f680000 rw-p 00007000 08:07 3932541                    /lib/x86_64-linux-gnu/librt-2.21.so
7f535f680000-7f535f787000 r-xp 00000000 08:07 3932531                    /lib/x86_64-linux-gnu/libm-2.21.so
7f535f787000-7f535f986000 ---p 00107000 08:07 3932531                    /lib/x86_64-linux-gnu/libm-2.21.so
7f535f986000-7f535f987000 r--p 00106000 08:07 3932531                    /lib/x86_64-linux-gnu/libm-2.21.so
7f535f987000-7f535f988000 rw-p 00107000 08:07 3932531                    /lib/x86_64-linux-gnu/libm-2.21.so
7f535f988000-7f53604fb000 r-xp 00000000 08:07 286742                     /usr/lib/jvm/java-7-oracle/jre/lib/amd64/server/libjvm.so
7f53604fb000-7f53606fa000 ---p 00b73000 08:07 286742                     /usr/lib/jvm/java-7-oracle/jre/lib/amd64/server/libjvm.so
7f53606fa000-7f53607be000 rw-p 00b72000 08:07 286742                     /usr/lib/jvm/java-7-oracle/jre/lib/amd64/server/libjvm.so
7f53607be000-7f53607ff000 rw-p 00000000 00:00 0 
7f53607ff000-7f53609bf000 r-xp 00000000 08:07 3932553                    /lib/x86_64-linux-gnu/libc-2.21.so
7f53609bf000-7f5360bbf000 ---p 001c0000 08:07 3932553                    /lib/x86_64-linux-gnu/libc-2.21.so
7f5360bbf000-7f5360bc3000 r--p 001c0000 08:07 3932553                    /lib/x86_64-linux-gnu/libc-2.21.so
7f5360bc3000-7f5360bc5000 rw-p 001c4000 08:07 3932553                    /lib/x86_64-linux-gnu/libc-2.21.so
7f5360bc5000-7f5360bc9000 rw-p 00000000 00:00 0 
7f5360bc9000-7f5360bcc000 r-xp 00000000 08:07 3932399                    /lib/x86_64-linux-gnu/libdl-2.21.so
7f5360bcc000-7f5360dcb000 ---p 00003000 08:07 3932399                    /lib/x86_64-linux-gnu/libdl-2.21.so
7f5360dcb000-7f5360dcc000 r--p 00002000 08:07 3932399                    /lib/x86_64-linux-gnu/libdl-2.21.so
7f5360dcc000-7f5360dcd000 rw-p 00003000 08:07 3932399                    /lib/x86_64-linux-gnu/libdl-2.21.so
7f5360dcd000-7f5360de3000 r-xp 00000000 08:07 663123                     /usr/lib/jvm/java-7-oracle/lib/amd64/jli/libjli.so
7f5360de3000-7f5360fe3000 ---p 00016000 08:07 663123                     /usr/lib/jvm/java-7-oracle/lib/amd64/jli/libjli.so
7f5360fe3000-7f5360fe4000 rw-p 00016000 08:07 663123                     /usr/lib/jvm/java-7-oracle/lib/amd64/jli/libjli.so
7f5360fe4000-7f5360ffc000 r-xp 00000000 08:07 3932411                    /lib/x86_64-linux-gnu/libpthread-2.21.so
7f5360ffc000-7f53611fc000 ---p 00018000 08:07 3932411                    /lib/x86_64-linux-gnu/libpthread-2.21.so
7f53611fc000-7f53611fd000 r--p 00018000 08:07 3932411                    /lib/x86_64-linux-gnu/libpthread-2.21.so
7f53611fd000-7f53611fe000 rw-p 00019000 08:07 3932411                    /lib/x86_64-linux-gnu/libpthread-2.21.so
7f53611fe000-7f5361202000 rw-p 00000000 00:00 0 
7f5361202000-7f5361226000 r-xp 00000000 08:07 3932409                    /lib/x86_64-linux-gnu/ld-2.21.so
7f536122b000-7f5361235000 rw-p 00000000 00:00 0 
7f5361235000-7f53612eb000 rw-p 00000000 00:00 0 
7f53612eb000-7f53612ee000 ---p 00000000 00:00 0 
7f53612ee000-7f53613f0000 rw-p 00000000 00:00 0 
7f5361417000-7f5361419000 rw-p 00000000 00:00 0 
7f5361419000-7f5361421000 rw-s 00000000 08:07 5256053                    /tmp/hsperfdata_manshu/29850
7f5361421000-7f5361422000 rw-p 00000000 00:00 0 
7f5361422000-7f5361423000 r--p 00000000 00:00 0 
7f5361423000-7f5361425000 rw-p 00000000 00:00 0 
7f5361425000-7f5361426000 r--p 00023000 08:07 3932409                    /lib/x86_64-linux-gnu/ld-2.21.so
7f5361426000-7f5361427000 rw-p 00024000 08:07 3932409                    /lib/x86_64-linux-gnu/ld-2.21.so
7f5361427000-7f5361428000 rw-p 00000000 00:00 0 
7ffd22148000-7ffd2216a000 rw-p 00000000 00:00 0                          [stack]
7ffd221e5000-7ffd221e7000 r--p 00000000 00:00 0                          [vvar]
7ffd221e7000-7ffd221e9000 r-xp 00000000 00:00 0                          [vdso]
ffffffffff600000-ffffffffff601000 r-xp 00000000 00:00 0                  [vsyscall]

VM Arguments:
jvm_args: -javaagent:/usr/share/java/jayatanaag.jar -Xmx1024M -Dfile.encoding=UTF-8 -Duser.country=US -Duser.language=en -Duser.variant -Xms2048m -Xmx4096m -Dawt.useSystemAAFontSettings=on -Dswing.aatext=true -Dswing.defaultlaf=com.sun.java.swing.plaf.nimbus.NimbusLookAndFeel 
java_command: com.android.dx.command.Main --dex --output /home/manshu/AndroidStudioProjects/MedicalCorrelation/app/build/intermediates/dex/debug /home/manshu/AndroidStudioProjects/MedicalCorrelation/app/build/intermediates/classes/debug /home/manshu/AndroidStudioProjects/MedicalCorrelation/app/build/intermediates/pre-dexed/debug/support-annotations-22.1.1-b05b6ac38b3e7508293108f49fc7cfed8ce717fa.jar /home/manshu/AndroidStudioProjects/MedicalCorrelation/app/build/intermediates/pre-dexed/debug/commons-csv-1.0-f098682cf909a925d0df1e24a371e43b0b2f6590.jar /home/manshu/AndroidStudioProjects/MedicalCorrelation/app/build/intermediates/pre-dexed/debug/internal_impl-22.1.1-74bd8b2962785edeed97c10fce81f5dacaa571c9.jar /home/manshu/AndroidStudioProjects/MedicalCorrelation/app/build/intermediates/pre-dexed/debug/MPAndroidChart-v2.1.0-5455e4a6a7abe6b62873f3d6d2f48d1c8430f7ff.jar /home/manshu/AndroidStudioProjects/MedicalCorrelation/app/build/intermediates/pre-dexed/debug/classes-9dbf860236ead25b8eda42d109f8de5a54441640.jar /home/manshu/AndroidStudioProjects/MedicalCorrelation/app/build/intermediates/pre-dexed/debug/classes-763fd79e8ccab2252af650896476a5b64c2a453c.jar /home/manshu/AndroidStudioProjects/MedicalCorrelation/app/build/intermediates/pre-dexed/debug/joda-time-2.7-48f3ed744050c824aa1b9fd2567e0dbeafbc1cba.jar
Launcher Type: SUN_STANDARD

Environment Variables:
JAVA_HOME=/usr/lib/jvm/java-7-oracle/
JAVA_TOOL_OPTIONS=-javaagent:/usr/share/java/jayatanaag.jar 
_JAVA_OPTIONS=-Xms2048m -Xmx4096m -Dawt.useSystemAAFontSettings=on -Dswing.aatext=true -Dswing.defaultlaf=com.sun.java.swing.plaf.nimbus.NimbusLookAndFeel
CLASSPATH=./../lib/bootstrap.jar:./../lib/extensions.jar:./../lib/util.jar:./../lib/jdom.jar:./../lib/log4j.jar:./../lib/trove4j.jar:./../lib/jna.jar:/usr/lib/jvm/java-7-oracle//lib/tools.jar
PATH=/home/manshu/.rvm/gems/ruby-2.1.2/bin:/home/manshu/.rvm/gems/ruby-2.1.2@global/bin:/home/manshu/.rvm/rubies/ruby-2.1.2/bin:/usr/local/bin:/usr/local/sbin:/usr/sbin:/usr/bin:/sbin:/bin:/usr/games:/usr/local/games:/home/manshu/.rvm/bin:/home/manshu/.yadr/bin:/home/manshu/.yadr/bin/yadr:/usr/lib/jvm/java-7-oracle//jre/bin:/usr/local/cuda/bin/nvcc:/opt/hadoop/hadoop-2.6.0/bin:/opt/hadoop/hadoop-2.6.0/sbin:/opt/pig/pig-0.14.0/bin:/opt/hive/apache-hive-0.14.0/bin:/opt/hbase/hbase-0.99.2/bin:/opt/zookeeper/bin:/opt/kafka/bin:/opt/hadoop/elastic-mapreduce-cli/
LD_LIBRARY_PATH=.::/usr/local/cuda/lib
SHELL=/bin/zsh
DISPLAY=:0

Signal Handlers:
SIGSEGV: [libjvm.so+0x9a1a10], sa_mask[0]=0x7ffbfeff, sa_flags=0x10000004
SIGBUS: [libjvm.so+0x9a1a10], sa_mask[0]=0x7ffbfeff, sa_flags=0x10000004
SIGFPE: [libjvm.so+0x81bae0], sa_mask[0]=0x7ffbfeff, sa_flags=0x10000004
SIGPIPE: [libjvm.so+0x81bae0], sa_mask[0]=0x7ffbfeff, sa_flags=0x10000004
SIGXFSZ: [libjvm.so+0x81bae0], sa_mask[0]=0x7ffbfeff, sa_flags=0x10000004
SIGILL: [libjvm.so+0x81bae0], sa_mask[0]=0x7ffbfeff, sa_flags=0x10000004
SIGUSR1: SIG_DFL, sa_mask[0]=0x00000000, sa_flags=0x00000000
SIGUSR2: [libjvm.so+0x81d2e0], sa_mask[0]=0x00000004, sa_flags=0x10000004
SIGHUP: SIG_DFL, sa_mask[0]=0x00000000, sa_flags=0x00000000
SIGINT: SIG_DFL, sa_mask[0]=0x00000000, sa_flags=0x00000000
SIGTERM: SIG_DFL, sa_mask[0]=0x00000000, sa_flags=0x00000000
SIGQUIT: SIG_DFL, sa_mask[0]=0x00000000, sa_flags=0x00000000


---------------  S Y S T E M  ---------------

OS:jessie/sid

uname:Linux 3.19.0-16-generic #16-Ubuntu SMP Thu Apr 30 16:09:58 UTC 2015 x86_64
libc:glibc 2.21 NPTL 2.21 
rlimit: STACK 8192k, CORE 0k, NPROC 63326, NOFILE 4096, AS infinity
load average:0.65 0.60 0.59

/proc/meminfo:
MemTotal:       16343260 kB
MemFree:          281220 kB
MemAvailable:    1057872 kB
Buffers:           86564 kB
Cached:          4612396 kB
SwapCached:            0 kB
Active:         11844644 kB
Inactive:        3906024 kB
Active(anon):   11262316 kB
Inactive(anon):  3588436 kB
Active(file):     582328 kB
Inactive(file):   317588 kB
Unevictable:          96 kB
Mlocked:              96 kB
SwapTotal:             0 kB
SwapFree:              0 kB
Dirty:             42192 kB
Writeback:             0 kB
AnonPages:      11051856 kB
Mapped:          1198616 kB
Shmem:           3799160 kB
Slab:             150036 kB
SReclaimable:      91340 kB
SUnreclaim:        58696 kB
KernelStack:       17552 kB
PageTables:        69652 kB
NFS_Unstable:          0 kB
Bounce:                0 kB
WritebackTmp:          0 kB
CommitLimit:     8171628 kB
Committed_AS:   28427252 kB
VmallocTotal:   34359738367 kB
VmallocUsed:      597696 kB
VmallocChunk:   34359081316 kB
HardwareCorrupted:     0 kB
AnonHugePages:   7362560 kB
CmaTotal:              0 kB
CmaFree:               0 kB
HugePages_Total:       0
HugePages_Free:        0
HugePages_Rsvd:        0
HugePages_Surp:        0
Hugepagesize:       2048 kB
DirectMap4k:      133888 kB
DirectMap2M:     6068224 kB
DirectMap1G:    11534336 kB


CPU:total 8 (4 cores per cpu, 2 threads per core) family 6 model 60 stepping 3, cmov, cx8, fxsr, mmx, sse, sse2, sse3, ssse3, sse4.1, sse4.2, popcnt, avx, avx2, aes, erms, ht, tsc, tscinvbit

/proc/cpuinfo:
processor	: 0
vendor_id	: GenuineIntel
cpu family	: 6
model		: 60
model name	: Intel(R) Core(TM) i7-4710HQ CPU @ 2.50GHz
stepping	: 3
microcode	: 0x1c
cpu MHz		: 3359.863
cache size	: 6144 KB
physical id	: 0
siblings	: 8
core id		: 0
cpu cores	: 4
apicid		: 0
initial apicid	: 0
fpu		: yes
fpu_exception	: yes
cpuid level	: 13
wp		: yes
flags		: fpu vme de pse tsc msr pae mce cx8 apic sep mtrr pge mca cmov pat pse36 clflush dts acpi mmx fxsr sse sse2 ss ht tm pbe syscall nx pdpe1gb rdtscp lm constant_tsc arch_perfmon pebs bts rep_good nopl xtopology nonstop_tsc aperfmperf eagerfpu pni pclmulqdq dtes64 monitor ds_cpl vmx est tm2 ssse3 fma cx16 xtpr pdcm pcid sse4_1 sse4_2 x2apic movbe popcnt tsc_deadline_timer aes xsave avx f16c rdrand lahf_lm abm ida arat epb pln pts dtherm tpr_shadow vnmi flexpriority ept vpid fsgsbase tsc_adjust bmi1 avx2 smep bmi2 erms invpcid xsaveopt
bugs		:
bogomips	: 4988.11
clflush size	: 64
cache_alignment	: 64
address sizes	: 39 bits physical, 48 bits virtual
power management:

processor	: 1
vendor_id	: GenuineIntel
cpu family	: 6
model		: 60
model name	: Intel(R) Core(TM) i7-4710HQ CPU @ 2.50GHz
stepping	: 3
microcode	: 0x1c
cpu MHz		: 3388.867
cache size	: 6144 KB
physical id	: 0
siblings	: 8
core id		: 0
cpu cores	: 4
apicid		: 1
initial apicid	: 1
fpu		: yes
fpu_exception	: yes
cpuid level	: 13
wp		: yes
flags		: fpu vme de pse tsc msr pae mce cx8 apic sep mtrr pge mca cmov pat pse36 clflush dts acpi mmx fxsr sse sse2 ss ht tm pbe syscall nx pdpe1gb rdtscp lm constant_tsc arch_perfmon pebs bts rep_good nopl xtopology nonstop_tsc aperfmperf eagerfpu pni pclmulqdq dtes64 monitor ds_cpl vmx est tm2 ssse3 fma cx16 xtpr pdcm pcid sse4_1 sse4_2 x2apic movbe popcnt tsc_deadline_timer aes xsave avx f16c rdrand lahf_lm abm ida arat epb pln pts dtherm tpr_shadow vnmi flexpriority ept vpid fsgsbase tsc_adjust bmi1 avx2 smep bmi2 erms invpcid xsaveopt
bugs		:
bogomips	: 4988.11
clflush size	: 64
cache_alignment	: 64
address sizes	: 39 bits physical, 48 bits virtual
power management:

processor	: 2
vendor_id	: GenuineIntel
cpu family	: 6
model		: 60
model name	: Intel(R) Core(TM) i7-4710HQ CPU @ 2.50GHz
stepping	: 3
microcode	: 0x1c
cpu MHz		: 3334.667
cache size	: 6144 KB
physical id	: 0
siblings	: 8
core id		: 1
cpu cores	: 4
apicid		: 2
initial apicid	: 2
fpu		: yes
fpu_exception	: yes
cpuid level	: 13
wp		: yes
flags		: fpu vme de pse tsc msr pae mce cx8 apic sep mtrr pge mca cmov pat pse36 clflush dts acpi mmx fxsr sse sse2 ss ht tm pbe syscall nx pdpe1gb rdtscp lm constant_tsc arch_perfmon pebs bts rep_good nopl xtopology nonstop_tsc aperfmperf eagerfpu pni pclmulqdq dtes64 monitor ds_cpl vmx est tm2 ssse3 fma cx16 xtpr pdcm pcid sse4_1 sse4_2 x2apic movbe popcnt tsc_deadline_timer aes xsave avx f16c rdrand lahf_lm abm ida arat epb pln pts dtherm tpr_shadow vnmi flexpriority ept vpid fsgsbase tsc_adjust bmi1 avx2 smep bmi2 erms invpcid xsaveopt
bugs		:
bogomips	: 4988.11
clflush size	: 64
cache_alignment	: 64
address sizes	: 39 bits physical, 48 bits virtual
power management:

processor	: 3
vendor_id	: GenuineIntel
cpu family	: 6
model		: 60
model name	: Intel(R) Core(TM) i7-4710HQ CPU @ 2.50GHz
stepping	: 3
microcode	: 0x1c
cpu MHz		: 3343.945
cache size	: 6144 KB
physical id	: 0
siblings	: 8
core id		: 1
cpu cores	: 4
apicid		: 3
initial apicid	: 3
fpu		: yes
fpu_exception	: yes
cpuid level	: 13
wp		: yes
flags		: fpu vme de pse tsc msr pae mce cx8 apic sep mtrr pge mca cmov pat pse36 clflush dts acpi mmx fxsr sse sse2 ss ht tm pbe syscall nx pdpe1gb rdtscp lm constant_tsc arch_perfmon pebs bts rep_good nopl xtopology nonstop_tsc aperfmperf eagerfpu pni pclmulqdq dtes64 monitor ds_cpl vmx est tm2 ssse3 fma cx16 xtpr pdcm pcid sse4_1 sse4_2 x2apic movbe popcnt tsc_deadline_timer aes xsave avx f16c rdrand lahf_lm abm ida arat epb pln pts dtherm tpr_shadow vnmi flexpriority ept vpid fsgsbase tsc_adjust bmi1 avx2 smep bmi2 erms invpcid xsaveopt
bugs		:
bogomips	: 4988.11
clflush size	: 64
cache_alignment	: 64
address sizes	: 39 bits physical, 48 bits virtual
power management:

processor	: 4
vendor_id	: GenuineIntel
cpu family	: 6
model		: 60
model name	: Intel(R) Core(TM) i7-4710HQ CPU @ 2.50GHz
stepping	: 3
microcode	: 0x1c
cpu MHz		: 3310.156
cache size	: 6144 KB
physical id	: 0
siblings	: 8
core id		: 2
cpu cores	: 4
apicid		: 4
initial apicid	: 4
fpu		: yes
fpu_exception	: yes
cpuid level	: 13
wp		: yes
flags		: fpu vme de pse tsc msr pae mce cx8 apic sep mtrr pge mca cmov pat pse36 clflush dts acpi mmx fxsr sse sse2 ss ht tm pbe syscall nx pdpe1gb rdtscp lm constant_tsc arch_perfmon pebs bts rep_good nopl xtopology nonstop_tsc aperfmperf eagerfpu pni pclmulqdq dtes64 monitor ds_cpl vmx est tm2 ssse3 fma cx16 xtpr pdcm pcid sse4_1 sse4_2 x2apic movbe popcnt tsc_deadline_timer aes xsave avx f16c rdrand lahf_lm abm ida arat epb pln pts dtherm tpr_shadow vnmi flexpriority ept vpid fsgsbase tsc_adjust bmi1 avx2 smep bmi2 erms invpcid xsaveopt
bugs		:
bogomips	: 4988.11
clflush size	: 64
cache_alignment	: 64
address sizes	: 39 bits physical, 48 bits virtual
power management:

processor	: 5
vendor_id	: GenuineIntel
cpu family	: 6
model		: 60
model name	: Intel(R) Core(TM) i7-4710HQ CPU @ 2.50GHz
stepping	: 3
microcode	: 0x1c
cpu MHz		: 3350.097
cache size	: 6144 KB
physical id	: 0
siblings	: 8
core id		: 2
cpu cores	: 4
apicid		: 5
initial apicid	: 5
fpu		: yes
fpu_exception	: yes
cpuid level	: 13
wp		: yes
flags		: fpu vme de pse tsc msr pae mce cx8 apic sep mtrr pge mca cmov pat pse36 clflush dts acpi mmx fxsr sse sse2 ss ht tm pbe syscall nx pdpe1gb rdtscp lm constant_tsc arch_perfmon pebs bts rep_good nopl xtopology nonstop_tsc aperfmperf eagerfpu pni pclmulqdq dtes64 monitor ds_cpl vmx est tm2 ssse3 fma cx16 xtpr pdcm pcid sse4_1 sse4_2 x2apic movbe popcnt tsc_deadline_timer aes xsave avx f16c rdrand lahf_lm abm ida arat epb pln pts dtherm tpr_shadow vnmi flexpriority ept vpid fsgsbase tsc_adjust bmi1 avx2 smep bmi2 erms invpcid xsaveopt
bugs		:
bogomips	: 4988.11
clflush size	: 64
cache_alignment	: 64
address sizes	: 39 bits physical, 48 bits virtual
power management:

processor	: 6
vendor_id	: GenuineIntel
cpu family	: 6
model		: 60
model name	: Intel(R) Core(TM) i7-4710HQ CPU @ 2.50GHz
stepping	: 3
microcode	: 0x1c
cpu MHz		: 3462.695
cache size	: 6144 KB
physical id	: 0
siblings	: 8
core id		: 3
cpu cores	: 4
apicid		: 6
initial apicid	: 6
fpu		: yes
fpu_exception	: yes
cpuid level	: 13
wp		: yes
flags		: fpu vme de pse tsc msr pae mce cx8 apic sep mtrr pge mca cmov pat pse36 clflush dts acpi mmx fxsr sse sse2 ss ht tm pbe syscall nx pdpe1gb rdtscp lm constant_tsc arch_perfmon pebs bts rep_good nopl xtopology nonstop_tsc aperfmperf eagerfpu pni pclmulqdq dtes64 monitor ds_cpl vmx est tm2 ssse3 fma cx16 xtpr pdcm pcid sse4_1 sse4_2 x2apic movbe popcnt tsc_deadline_timer aes xsave avx f16c rdrand lahf_lm abm ida arat epb pln pts dtherm tpr_shadow vnmi flexpriority ept vpid fsgsbase tsc_adjust bmi1 avx2 smep bmi2 erms invpcid xsaveopt
bugs		:
bogomips	: 4988.11
clflush size	: 64
cache_alignment	: 64
address sizes	: 39 bits physical, 48 bits virtual
power management:

processor	: 7
vendor_id	: GenuineIntel
cpu family	: 6
model		: 60
model name	: Intel(R) Core(TM) i7-4710HQ CPU @ 2.50GHz
stepping	: 3
microcode	: 0x1c
cpu MHz		: 3386.621
cache size	: 6144 KB
physical id	: 0
siblings	: 8
core id		: 3
cpu cores	: 4
apicid		: 7
initial apicid	: 7
fpu		: yes
fpu_exception	: yes
cpuid level	: 13
wp		: yes
flags		: fpu vme de pse tsc msr pae mce cx8 apic sep mtrr pge mca cmov pat pse36 clflush dts acpi mmx fxsr sse sse2 ss ht tm pbe syscall nx pdpe1gb rdtscp lm constant_tsc arch_perfmon pebs bts rep_good nopl xtopology nonstop_tsc aperfmperf eagerfpu pni pclmulqdq dtes64 monitor ds_cpl vmx est tm2 ssse3 fma cx16 xtpr pdcm pcid sse4_1 sse4_2 x2apic movbe popcnt tsc_deadline_timer aes xsave avx f16c rdrand lahf_lm abm ida arat epb pln pts dtherm tpr_shadow vnmi flexpriority ept vpid fsgsbase tsc_adjust bmi1 avx2 smep bmi2 erms invpcid xsaveopt
bugs		:
bogomips	: 4988.11
clflush size	: 64
cache_alignment	: 64
address sizes	: 39 bits physical, 48 bits virtual
power management:



Memory: 4k page, physical 16343260k(281220k free), swap 0k(0k free)

vm_info: Java HotSpot(TM) 64-Bit Server VM (24.72-b04) for linux-amd64 JRE (1.7.0_72-b14), built on Sep 26 2014 18:20:41 by "java_re" with gcc 4.3.0 20080428 (Red Hat 4.3.0-8)

time: Mon May 11 07:10:07 2015
elapsed time: 0 seconds

